#-----------------------------------------------------------
# Vivado v2021.2 (64-bit)
# SW Build 3367213 on Tue Oct 19 02:48:09 MDT 2021
# IP Build 3369179 on Thu Oct 21 08:25:16 MDT 2021
# Start of session at: Sun Apr 24 15:17:45 2022
# Process ID: 30780
# Current directory: E:/MTP2/neuralNetwork-master/Tut-8/NN-FPGA
# Command line: vivado.exe -gui_launcher_event rodinguilauncherevent15424 E:\MTP2\neuralNetwork-master\Tut-8\NN-FPGA\NN-FPGA.xpr
# Log file: E:/MTP2/neuralNetwork-master/Tut-8/NN-FPGA/vivado.log
# Journal file: E:/MTP2/neuralNetwork-master/Tut-8/NN-FPGA\vivado.jou
# Running On: DESKTOP-0EKQBCJ, OS: Windows, CPU Frequency: 3693 MHz, CPU Physical cores: 12, Host memory: 17102 MB
#-----------------------------------------------------------
start_gui
open_project E:/MTP2/neuralNetwork-master/Tut-8/NN-FPGA/NN-FPGA.xpr
WARNING: [Board 49-26] cannot add Board Part xilinx.com:ac701:part0:1.4 available at E:/Xilinx/Vivado/2021.2/data/xhub/boards/XilinxBoardStore/boards/Xilinx/ac701/1.4/board.xml as part xc7a200tfbg676-2 specified in board_part file is either invalid or not available
WARNING: [Board 49-26] cannot add Board Part xilinx.com:kc705:part0:1.6 available at E:/Xilinx/Vivado/2021.2/data/xhub/boards/XilinxBoardStore/boards/Xilinx/kc705/1.6/board.xml as part xc7k325tffg900-2 specified in board_part file is either invalid or not available
WARNING: [Board 49-26] cannot add Board Part xilinx.com:kcu105:part0:1.6 available at E:/Xilinx/Vivado/2021.2/data/xhub/boards/XilinxBoardStore/boards/Xilinx/kcu105/1.6/board.xml as part xcku040-ffva1156-2-e specified in board_part file is either invalid or not available
WARNING: [Board 49-26] cannot add Board Part xilinx.com:kcu105:part0:1.7 available at E:/Xilinx/Vivado/2021.2/data/xhub/boards/XilinxBoardStore/boards/Xilinx/kcu105/1.7/board.xml as part xcku040-ffva1156-2-e specified in board_part file is either invalid or not available
WARNING: [Board 49-26] cannot add Board Part xilinx.com:kcu116:part0:1.4 available at E:/Xilinx/Vivado/2021.2/data/xhub/boards/XilinxBoardStore/boards/Xilinx/kcu116/1.4/board.xml as part xcku5p-ffvb676-2-e specified in board_part file is either invalid or not available
WARNING: [Board 49-26] cannot add Board Part xilinx.com:kcu116:part0:1.5 available at E:/Xilinx/Vivado/2021.2/data/xhub/boards/XilinxBoardStore/boards/Xilinx/kcu116/1.5/board.xml as part xcku5p-ffvb676-2-e specified in board_part file is either invalid or not available
WARNING: [Board 49-26] cannot add Board Part xilinx.com:kcu1500:part0:1.2 available at E:/Xilinx/Vivado/2021.2/data/xhub/boards/XilinxBoardStore/boards/Xilinx/kcu1500/1.2/board.xml as part xcku115-flvb2104-2-e specified in board_part file is either invalid or not available
WARNING: [Board 49-26] cannot add Board Part xilinx.com:sp701:part0:1.0 available at E:/Xilinx/Vivado/2021.2/data/xhub/boards/XilinxBoardStore/boards/Xilinx/sp701/1.0/board.xml as part xc7s100fgga676-2 specified in board_part file is either invalid or not available
WARNING: [Board 49-26] cannot add Board Part xilinx.com:sp701:part0:1.1 available at E:/Xilinx/Vivado/2021.2/data/xhub/boards/XilinxBoardStore/boards/Xilinx/sp701/1.1/board.xml as part xc7s100fgga676-2 specified in board_part file is either invalid or not available
WARNING: [Board 49-26] cannot add Board Part xilinx.com:vc707:part0:1.4 available at E:/Xilinx/Vivado/2021.2/data/xhub/boards/XilinxBoardStore/boards/Xilinx/vc707/1.4/board.xml as part xc7vx485tffg1761-2 specified in board_part file is either invalid or not available
WARNING: [Board 49-26] cannot add Board Part xilinx.com:vc709:part0:1.8 available at E:/Xilinx/Vivado/2021.2/data/xhub/boards/XilinxBoardStore/boards/Xilinx/vc709/1.8/board.xml as part xc7vx690tffg1761-2 specified in board_part file is either invalid or not available
WARNING: [Board 49-26] cannot add Board Part xilinx.com:vck190:part0:2.2 available at E:/Xilinx/Vivado/2021.2/data/xhub/boards/XilinxBoardStore/boards/Xilinx/vck190/production/2.2/board.xml as part xcvc1902-vsva2197-2mp-e-s specified in board_part file is either invalid or not available
WARNING: [Board 49-26] cannot add Board Part xilinx.com:vck190_es:part0:1.3 available at E:/Xilinx/Vivado/2021.2/data/xhub/boards/XilinxBoardStore/boards/Xilinx/vck190/es/1.3/board.xml as part xcvc1902-vsva2197-2mp-e-s-es1 specified in board_part file is either invalid or not available
WARNING: [Board 49-26] cannot add Board Part xilinx.com:vcu108:part0:1.6 available at E:/Xilinx/Vivado/2021.2/data/xhub/boards/XilinxBoardStore/boards/Xilinx/vcu108/1.6/board.xml as part xcvu095-ffva2104-2-e specified in board_part file is either invalid or not available
WARNING: [Board 49-26] cannot add Board Part xilinx.com:vcu108:part0:1.7 available at E:/Xilinx/Vivado/2021.2/data/xhub/boards/XilinxBoardStore/boards/Xilinx/vcu108/1.7/board.xml as part xcvu095-ffva2104-2-e specified in board_part file is either invalid or not available
WARNING: [Board 49-26] cannot add Board Part xilinx.com:vcu110:part0:1.4 available at E:/Xilinx/Vivado/2021.2/data/xhub/boards/XilinxBoardStore/boards/Xilinx/vcu110/1.4/board.xml as part xcvu190-flgc2104-2-e specified in board_part file is either invalid or not available
WARNING: [Board 49-26] cannot add Board Part xilinx.com:vcu118:part0:2.0 available at E:/Xilinx/Vivado/2021.2/data/xhub/boards/XilinxBoardStore/boards/Xilinx/vcu118/2.0/board.xml as part xcvu9p-flga2104-2l-e specified in board_part file is either invalid or not available
WARNING: [Board 49-26] cannot add Board Part xilinx.com:vcu118:part0:2.3 available at E:/Xilinx/Vivado/2021.2/data/xhub/boards/XilinxBoardStore/boards/Xilinx/vcu118/2.3/board.xml as part xcvu9p-flga2104-2l-e specified in board_part file is either invalid or not available
WARNING: [Board 49-26] cannot add Board Part xilinx.com:vcu118:part0:2.4 available at E:/Xilinx/Vivado/2021.2/data/xhub/boards/XilinxBoardStore/boards/Xilinx/vcu118/2.4/board.xml as part xcvu9p-flga2104-2l-e specified in board_part file is either invalid or not available
WARNING: [Board 49-26] cannot add Board Part xilinx.com:vcu128:part0:1.0 available at E:/Xilinx/Vivado/2021.2/data/xhub/boards/XilinxBoardStore/boards/Xilinx/vcu128/production/1.0/board.xml as part xcvu37p-fsvh2892-2l-e specified in board_part file is either invalid or not available
WARNING: [Board 49-26] cannot add Board Part xilinx.com:vcu129:part0:1.0 available at E:/Xilinx/Vivado/2021.2/data/xhub/boards/XilinxBoardStore/boards/Xilinx/vcu129/production/1.0/board.xml as part xcvu29p-fsga2577-2l-e specified in board_part file is either invalid or not available
WARNING: [Board 49-26] cannot add Board Part xilinx.com:vcu1525:part0:1.3 available at E:/Xilinx/Vivado/2021.2/data/xhub/boards/XilinxBoardStore/boards/Xilinx/vcu1525/1.3/board.xml as part xcvu9p-fsgd2104-2l-e specified in board_part file is either invalid or not available
WARNING: [Board 49-26] cannot add Board Part xilinx.com:vermeo_t1_mpsoc:part0:1.0 available at E:/Xilinx/Vivado/2021.2/data/xhub/boards/XilinxBoardStore/boards/Xilinx/vermeo_t1_mpsoc/1.0/board.xml as part xczu19eg-ffvd1760-2l-e specified in board_part file is either invalid or not available
WARNING: [Board 49-26] cannot add Board Part xilinx.com:vermeo_t1_rfsoc:part0:1.0 available at E:/Xilinx/Vivado/2021.2/data/xhub/boards/XilinxBoardStore/boards/Xilinx/vermeo_t1_rfsoc/1.0/board.xml as part xczu21dr-ffvd1156-2l-e specified in board_part file is either invalid or not available
WARNING: [Board 49-26] cannot add Board Part xilinx.com:vmk180:part0:2.2 available at E:/Xilinx/Vivado/2021.2/data/xhub/boards/XilinxBoardStore/boards/Xilinx/vmk180/production/2.2/board.xml as part xcvm1802-vsva2197-2mp-e-s specified in board_part file is either invalid or not available
WARNING: [Board 49-26] cannot add Board Part xilinx.com:vmk180_es:part0:1.3 available at E:/Xilinx/Vivado/2021.2/data/xhub/boards/XilinxBoardStore/boards/Xilinx/vmk180/es/1.3/board.xml as part xcvm1802-vsva2197-2mp-e-s-es1 specified in board_part file is either invalid or not available
WARNING: [Board 49-26] cannot add Board Part xilinx.com:vpk120_es:part0:1.2 available at E:/Xilinx/Vivado/2021.2/data/xhub/boards/XilinxBoardStore/boards/Xilinx/vpk120/es/1.2/board.xml as part xcvp1202-vsva2785-2mp-e-s-es1 specified in board_part file is either invalid or not available
WARNING: [Board 49-26] cannot add Board Part xilinx.com:zc706:part0:1.4 available at E:/Xilinx/Vivado/2021.2/data/xhub/boards/XilinxBoardStore/boards/Xilinx/zc706/1.4/board.xml as part xc7z045ffg900-2 specified in board_part file is either invalid or not available
WARNING: [Board 49-26] cannot add Board Part xilinx.com:zcu102:part0:3.3 available at E:/Xilinx/Vivado/2021.2/data/xhub/boards/XilinxBoardStore/boards/Xilinx/zcu102/3.3/board.xml as part xczu9eg-ffvb1156-2-e specified in board_part file is either invalid or not available
WARNING: [Board 49-26] cannot add Board Part xilinx.com:zcu102:part0:3.4 available at E:/Xilinx/Vivado/2021.2/data/xhub/boards/XilinxBoardStore/boards/Xilinx/zcu102/3.4/board.xml as part xczu9eg-ffvb1156-2-e specified in board_part file is either invalid or not available
WARNING: [Board 49-26] cannot add Board Part xilinx.com:zcu111:part0:1.2 available at E:/Xilinx/Vivado/2021.2/data/xhub/boards/XilinxBoardStore/boards/Xilinx/zcu111/1.2/board.xml as part xczu28dr-ffvg1517-2-e specified in board_part file is either invalid or not available
WARNING: [Board 49-26] cannot add Board Part xilinx.com:zcu111:part0:1.3 available at E:/Xilinx/Vivado/2021.2/data/xhub/boards/XilinxBoardStore/boards/Xilinx/zcu111/1.3/board.xml as part xczu28dr-ffvg1517-2-e specified in board_part file is either invalid or not available
WARNING: [Board 49-26] cannot add Board Part xilinx.com:zcu111:part0:1.4 available at E:/Xilinx/Vivado/2021.2/data/xhub/boards/XilinxBoardStore/boards/Xilinx/zcu111/1.4/board.xml as part xczu28dr-ffvg1517-2-e specified in board_part file is either invalid or not available
WARNING: [Board 49-26] cannot add Board Part xilinx.com:zcu1275:part0:1.0 available at E:/Xilinx/Vivado/2021.2/data/xhub/boards/XilinxBoardStore/boards/Xilinx/zcu1275/1.0/board.xml as part xczu29dr-ffvf1760-2-e specified in board_part file is either invalid or not available
WARNING: [Board 49-26] cannot add Board Part xilinx.com:zcu1285:part0:1.0 available at E:/Xilinx/Vivado/2021.2/data/xhub/boards/XilinxBoardStore/boards/Xilinx/zcu1285/1.0/board.xml as part xczu39dr-ffvf1760-2-i specified in board_part file is either invalid or not available
WARNING: [Board 49-26] cannot add Board Part xilinx.com:zcu208:part0:2.0 available at E:/Xilinx/Vivado/2021.2/data/xhub/boards/XilinxBoardStore/boards/Xilinx/zcu208/production/2.0/board.xml as part xczu48dr-fsvg1517-2-e specified in board_part file is either invalid or not available
WARNING: [Board 49-26] cannot add Board Part xilinx.com:zcu208_es:part0:1.0 available at E:/Xilinx/Vivado/2021.2/data/xhub/boards/XilinxBoardStore/boards/Xilinx/zcu208/es/1.0/board.xml as part xczu48dr-fsvg1517-2-e-es1 specified in board_part file is either invalid or not available
WARNING: [Board 49-26] cannot add Board Part xilinx.com:zcu208_es:part0:1.1 available at E:/Xilinx/Vivado/2021.2/data/xhub/boards/XilinxBoardStore/boards/Xilinx/zcu208/es/1.1/board.xml as part xczu48dr-fsvg1517-2-e-es1 specified in board_part file is either invalid or not available
WARNING: [Board 49-26] cannot add Board Part xilinx.com:zcu208_es:part0:1.2 available at E:/Xilinx/Vivado/2021.2/data/xhub/boards/XilinxBoardStore/boards/Xilinx/zcu208/es/1.2/board.xml as part xczu48dr-fsvg1517-2-e-es1 specified in board_part file is either invalid or not available
WARNING: [Board 49-26] cannot add Board Part xilinx.com:zcu208ld:part0:2.0 available at E:/Xilinx/Vivado/2021.2/data/xhub/boards/XilinxBoardStore/boards/Xilinx/zcu208ld/production/2.0/board.xml as part xczu58dr-fsvg1517-2-i specified in board_part file is either invalid or not available
WARNING: [Board 49-26] cannot add Board Part xilinx.com:zcu208ld_es:part0:1.0 available at E:/Xilinx/Vivado/2021.2/data/xhub/boards/XilinxBoardStore/boards/Xilinx/zcu208ld/es/1.0/board.xml as part xczu58dr-fsvg1517-2-i-es1 specified in board_part file is either invalid or not available
WARNING: [Board 49-26] cannot add Board Part xilinx.com:zcu216:part0:2.0 available at E:/Xilinx/Vivado/2021.2/data/xhub/boards/XilinxBoardStore/boards/Xilinx/zcu216/production/2.0/board.xml as part xczu49dr-ffvf1760-2-e specified in board_part file is either invalid or not available
WARNING: [Board 49-26] cannot add Board Part xilinx.com:zcu216_es:part0:1.0 available at E:/Xilinx/Vivado/2021.2/data/xhub/boards/XilinxBoardStore/boards/Xilinx/zcu216/es/1.0/board.xml as part xczu49dr-ffvf1760-2-e-es1 specified in board_part file is either invalid or not available
WARNING: [Board 49-26] cannot add Board Part xilinx.com:zcu216_es:part0:1.1 available at E:/Xilinx/Vivado/2021.2/data/xhub/boards/XilinxBoardStore/boards/Xilinx/zcu216/es/1.1/board.xml as part xczu49dr-ffvf1760-2-e-es1 specified in board_part file is either invalid or not available
WARNING: [Board 49-26] cannot add Board Part xilinx.com:zcu216_es:part0:1.2 available at E:/Xilinx/Vivado/2021.2/data/xhub/boards/XilinxBoardStore/boards/Xilinx/zcu216/es/1.2/board.xml as part xczu49dr-ffvf1760-2-e-es1 specified in board_part file is either invalid or not available
WARNING: [Board 49-26] cannot add Board Part xilinx.com:zcu216ld:part0:2.0 available at E:/Xilinx/Vivado/2021.2/data/xhub/boards/XilinxBoardStore/boards/Xilinx/zcu216ld/production/2.0/board.xml as part xczu59dr-ffvf1760-2-i specified in board_part file is either invalid or not available
WARNING: [Board 49-26] cannot add Board Part xilinx.com:zcu216ld_es:part0:1.0 available at E:/Xilinx/Vivado/2021.2/data/xhub/boards/XilinxBoardStore/boards/Xilinx/zcu216ld/es/1.0/board.xml as part xczu59dr-ffvf1760-2-i-es1 specified in board_part file is either invalid or not available
WARNING: [Board 49-26] cannot add Board Part xilinx.com:zcu670:part0:1.0 available at E:/Xilinx/Vivado/2021.2/data/xhub/boards/XilinxBoardStore/boards/Xilinx/zcu670/1.0/board.xml as part xczu67dr-fsve1156-2-i specified in board_part file is either invalid or not available
Scanning sources...
Finished scanning sources
INFO: [IP_Flow 19-234] Refreshing IP repositories
INFO: [IP_Flow 19-1700] Loaded user IP repository 'e:/MTP2/neuralNetwork-master/Tut-8/src'.
INFO: [IP_Flow 19-2313] Loaded Vivado IP repository 'E:/Xilinx/Vivado/2021.2/data/ip'.
open_project: Time (s): cpu = 00:00:15 ; elapsed = 00:00:08 . Memory (MB): peak = 1567.098 ; gain = 0.000
update_compile_order -fileset sources_1
set_property top myBlock_wrapper [current_fileset]
update_compile_order -fileset sources_1
launch_simulation
Command: launch_simulation 
INFO: [Vivado 12-12493] Simulation top is 'top_sim'
WARNING: [Vivado 12-12986] Compiled library path does not exist: ''
INFO: [Vivado 12-5698] Checking validity of IPs in the design for the 'XSim' simulator...
INFO: [Runs 36-567] Checking/generating simulation output products for IPs/BDs (if any)...
INFO: [Vivado 12-5682] Launching behavioral simulation in 'E:/MTP2/neuralNetwork-master/Tut-8/NN-FPGA/NN-FPGA.sim/sim_1/behav/xsim'
INFO: [Vivado 12-4795] Using compiled simulation libraries for IPs
INFO: [SIM-utils-51] Simulation object is 'sim_1'
INFO: [SIM-utils-72] Using boost library from 'E:/Xilinx/Vivado/2021.2/tps/boost_1_72_0'
INFO: [USF-XSim-7] Finding pre-compiled libraries...
INFO: [USF-XSim-11] File 'E:/Xilinx/Vivado/2021.2/data/xsim/xsim.ini' copied to run dir:'E:/MTP2/neuralNetwork-master/Tut-8/NN-FPGA/NN-FPGA.sim/sim_1/behav/xsim'
INFO: [SIM-utils-54] Inspecting design source files for 'top_sim' in fileset 'sim_1'...
INFO: [SIM-utils-43] Exported 'E:/MTP2/neuralNetwork-master/Tut-8/NN-FPGA/NN-FPGA.sim/sim_1/behav/xsim/sc_xtlm_myBlock_axi_smc_0.mem'
INFO: [SIM-utils-43] Exported 'E:/MTP2/neuralNetwork-master/Tut-8/NN-FPGA/NN-FPGA.sim/sim_1/behav/xsim/b_1_0.mif'
INFO: [SIM-utils-43] Exported 'E:/MTP2/neuralNetwork-master/Tut-8/NN-FPGA/NN-FPGA.sim/sim_1/behav/xsim/b_1_1.mif'
INFO: [SIM-utils-43] Exported 'E:/MTP2/neuralNetwork-master/Tut-8/NN-FPGA/NN-FPGA.sim/sim_1/behav/xsim/b_1_10.mif'
INFO: [SIM-utils-43] Exported 'E:/MTP2/neuralNetwork-master/Tut-8/NN-FPGA/NN-FPGA.sim/sim_1/behav/xsim/b_1_11.mif'
INFO: [SIM-utils-43] Exported 'E:/MTP2/neuralNetwork-master/Tut-8/NN-FPGA/NN-FPGA.sim/sim_1/behav/xsim/b_1_12.mif'
INFO: [SIM-utils-43] Exported 'E:/MTP2/neuralNetwork-master/Tut-8/NN-FPGA/NN-FPGA.sim/sim_1/behav/xsim/b_1_13.mif'
INFO: [SIM-utils-43] Exported 'E:/MTP2/neuralNetwork-master/Tut-8/NN-FPGA/NN-FPGA.sim/sim_1/behav/xsim/b_1_14.mif'
INFO: [SIM-utils-43] Exported 'E:/MTP2/neuralNetwork-master/Tut-8/NN-FPGA/NN-FPGA.sim/sim_1/behav/xsim/b_1_15.mif'
INFO: [SIM-utils-43] Exported 'E:/MTP2/neuralNetwork-master/Tut-8/NN-FPGA/NN-FPGA.sim/sim_1/behav/xsim/b_1_16.mif'
INFO: [SIM-utils-43] Exported 'E:/MTP2/neuralNetwork-master/Tut-8/NN-FPGA/NN-FPGA.sim/sim_1/behav/xsim/b_1_17.mif'
INFO: [SIM-utils-43] Exported 'E:/MTP2/neuralNetwork-master/Tut-8/NN-FPGA/NN-FPGA.sim/sim_1/behav/xsim/b_1_18.mif'
INFO: [SIM-utils-43] Exported 'E:/MTP2/neuralNetwork-master/Tut-8/NN-FPGA/NN-FPGA.sim/sim_1/behav/xsim/b_1_19.mif'
INFO: [SIM-utils-43] Exported 'E:/MTP2/neuralNetwork-master/Tut-8/NN-FPGA/NN-FPGA.sim/sim_1/behav/xsim/b_1_2.mif'
INFO: [SIM-utils-43] Exported 'E:/MTP2/neuralNetwork-master/Tut-8/NN-FPGA/NN-FPGA.sim/sim_1/behav/xsim/b_1_20.mif'
INFO: [SIM-utils-43] Exported 'E:/MTP2/neuralNetwork-master/Tut-8/NN-FPGA/NN-FPGA.sim/sim_1/behav/xsim/b_1_21.mif'
INFO: [SIM-utils-43] Exported 'E:/MTP2/neuralNetwork-master/Tut-8/NN-FPGA/NN-FPGA.sim/sim_1/behav/xsim/b_1_22.mif'
INFO: [SIM-utils-43] Exported 'E:/MTP2/neuralNetwork-master/Tut-8/NN-FPGA/NN-FPGA.sim/sim_1/behav/xsim/b_1_23.mif'
INFO: [SIM-utils-43] Exported 'E:/MTP2/neuralNetwork-master/Tut-8/NN-FPGA/NN-FPGA.sim/sim_1/behav/xsim/b_1_24.mif'
INFO: [SIM-utils-43] Exported 'E:/MTP2/neuralNetwork-master/Tut-8/NN-FPGA/NN-FPGA.sim/sim_1/behav/xsim/b_1_25.mif'
INFO: [SIM-utils-43] Exported 'E:/MTP2/neuralNetwork-master/Tut-8/NN-FPGA/NN-FPGA.sim/sim_1/behav/xsim/b_1_26.mif'
INFO: [SIM-utils-43] Exported 'E:/MTP2/neuralNetwork-master/Tut-8/NN-FPGA/NN-FPGA.sim/sim_1/behav/xsim/b_1_27.mif'
INFO: [SIM-utils-43] Exported 'E:/MTP2/neuralNetwork-master/Tut-8/NN-FPGA/NN-FPGA.sim/sim_1/behav/xsim/b_1_28.mif'
INFO: [SIM-utils-43] Exported 'E:/MTP2/neuralNetwork-master/Tut-8/NN-FPGA/NN-FPGA.sim/sim_1/behav/xsim/b_1_29.mif'
INFO: [SIM-utils-43] Exported 'E:/MTP2/neuralNetwork-master/Tut-8/NN-FPGA/NN-FPGA.sim/sim_1/behav/xsim/b_1_3.mif'
INFO: [SIM-utils-43] Exported 'E:/MTP2/neuralNetwork-master/Tut-8/NN-FPGA/NN-FPGA.sim/sim_1/behav/xsim/b_1_4.mif'
INFO: [SIM-utils-43] Exported 'E:/MTP2/neuralNetwork-master/Tut-8/NN-FPGA/NN-FPGA.sim/sim_1/behav/xsim/b_1_5.mif'
INFO: [SIM-utils-43] Exported 'E:/MTP2/neuralNetwork-master/Tut-8/NN-FPGA/NN-FPGA.sim/sim_1/behav/xsim/b_1_6.mif'
INFO: [SIM-utils-43] Exported 'E:/MTP2/neuralNetwork-master/Tut-8/NN-FPGA/NN-FPGA.sim/sim_1/behav/xsim/b_1_7.mif'
INFO: [SIM-utils-43] Exported 'E:/MTP2/neuralNetwork-master/Tut-8/NN-FPGA/NN-FPGA.sim/sim_1/behav/xsim/b_1_8.mif'
INFO: [SIM-utils-43] Exported 'E:/MTP2/neuralNetwork-master/Tut-8/NN-FPGA/NN-FPGA.sim/sim_1/behav/xsim/b_1_9.mif'
INFO: [SIM-utils-43] Exported 'E:/MTP2/neuralNetwork-master/Tut-8/NN-FPGA/NN-FPGA.sim/sim_1/behav/xsim/b_2_0.mif'
INFO: [SIM-utils-43] Exported 'E:/MTP2/neuralNetwork-master/Tut-8/NN-FPGA/NN-FPGA.sim/sim_1/behav/xsim/b_2_1.mif'
INFO: [SIM-utils-43] Exported 'E:/MTP2/neuralNetwork-master/Tut-8/NN-FPGA/NN-FPGA.sim/sim_1/behav/xsim/b_2_10.mif'
INFO: [SIM-utils-43] Exported 'E:/MTP2/neuralNetwork-master/Tut-8/NN-FPGA/NN-FPGA.sim/sim_1/behav/xsim/b_2_11.mif'
INFO: [SIM-utils-43] Exported 'E:/MTP2/neuralNetwork-master/Tut-8/NN-FPGA/NN-FPGA.sim/sim_1/behav/xsim/b_2_12.mif'
INFO: [SIM-utils-43] Exported 'E:/MTP2/neuralNetwork-master/Tut-8/NN-FPGA/NN-FPGA.sim/sim_1/behav/xsim/b_2_13.mif'
INFO: [SIM-utils-43] Exported 'E:/MTP2/neuralNetwork-master/Tut-8/NN-FPGA/NN-FPGA.sim/sim_1/behav/xsim/b_2_14.mif'
INFO: [SIM-utils-43] Exported 'E:/MTP2/neuralNetwork-master/Tut-8/NN-FPGA/NN-FPGA.sim/sim_1/behav/xsim/b_2_15.mif'
INFO: [SIM-utils-43] Exported 'E:/MTP2/neuralNetwork-master/Tut-8/NN-FPGA/NN-FPGA.sim/sim_1/behav/xsim/b_2_16.mif'
INFO: [SIM-utils-43] Exported 'E:/MTP2/neuralNetwork-master/Tut-8/NN-FPGA/NN-FPGA.sim/sim_1/behav/xsim/b_2_17.mif'
INFO: [SIM-utils-43] Exported 'E:/MTP2/neuralNetwork-master/Tut-8/NN-FPGA/NN-FPGA.sim/sim_1/behav/xsim/b_2_18.mif'
INFO: [SIM-utils-43] Exported 'E:/MTP2/neuralNetwork-master/Tut-8/NN-FPGA/NN-FPGA.sim/sim_1/behav/xsim/b_2_19.mif'
INFO: [SIM-utils-43] Exported 'E:/MTP2/neuralNetwork-master/Tut-8/NN-FPGA/NN-FPGA.sim/sim_1/behav/xsim/b_2_2.mif'
INFO: [SIM-utils-43] Exported 'E:/MTP2/neuralNetwork-master/Tut-8/NN-FPGA/NN-FPGA.sim/sim_1/behav/xsim/b_2_20.mif'
INFO: [SIM-utils-43] Exported 'E:/MTP2/neuralNetwork-master/Tut-8/NN-FPGA/NN-FPGA.sim/sim_1/behav/xsim/b_2_21.mif'
INFO: [SIM-utils-43] Exported 'E:/MTP2/neuralNetwork-master/Tut-8/NN-FPGA/NN-FPGA.sim/sim_1/behav/xsim/b_2_22.mif'
INFO: [SIM-utils-43] Exported 'E:/MTP2/neuralNetwork-master/Tut-8/NN-FPGA/NN-FPGA.sim/sim_1/behav/xsim/b_2_23.mif'
INFO: [SIM-utils-43] Exported 'E:/MTP2/neuralNetwork-master/Tut-8/NN-FPGA/NN-FPGA.sim/sim_1/behav/xsim/b_2_24.mif'
INFO: [SIM-utils-43] Exported 'E:/MTP2/neuralNetwork-master/Tut-8/NN-FPGA/NN-FPGA.sim/sim_1/behav/xsim/b_2_25.mif'
INFO: [SIM-utils-43] Exported 'E:/MTP2/neuralNetwork-master/Tut-8/NN-FPGA/NN-FPGA.sim/sim_1/behav/xsim/b_2_26.mif'
INFO: [SIM-utils-43] Exported 'E:/MTP2/neuralNetwork-master/Tut-8/NN-FPGA/NN-FPGA.sim/sim_1/behav/xsim/b_2_27.mif'
INFO: [SIM-utils-43] Exported 'E:/MTP2/neuralNetwork-master/Tut-8/NN-FPGA/NN-FPGA.sim/sim_1/behav/xsim/b_2_28.mif'
INFO: [SIM-utils-43] Exported 'E:/MTP2/neuralNetwork-master/Tut-8/NN-FPGA/NN-FPGA.sim/sim_1/behav/xsim/b_2_29.mif'
INFO: [SIM-utils-43] Exported 'E:/MTP2/neuralNetwork-master/Tut-8/NN-FPGA/NN-FPGA.sim/sim_1/behav/xsim/b_2_3.mif'
INFO: [SIM-utils-43] Exported 'E:/MTP2/neuralNetwork-master/Tut-8/NN-FPGA/NN-FPGA.sim/sim_1/behav/xsim/b_2_4.mif'
INFO: [SIM-utils-43] Exported 'E:/MTP2/neuralNetwork-master/Tut-8/NN-FPGA/NN-FPGA.sim/sim_1/behav/xsim/b_2_5.mif'
INFO: [SIM-utils-43] Exported 'E:/MTP2/neuralNetwork-master/Tut-8/NN-FPGA/NN-FPGA.sim/sim_1/behav/xsim/b_2_6.mif'
INFO: [SIM-utils-43] Exported 'E:/MTP2/neuralNetwork-master/Tut-8/NN-FPGA/NN-FPGA.sim/sim_1/behav/xsim/b_2_7.mif'
INFO: [SIM-utils-43] Exported 'E:/MTP2/neuralNetwork-master/Tut-8/NN-FPGA/NN-FPGA.sim/sim_1/behav/xsim/b_2_8.mif'
INFO: [SIM-utils-43] Exported 'E:/MTP2/neuralNetwork-master/Tut-8/NN-FPGA/NN-FPGA.sim/sim_1/behav/xsim/b_2_9.mif'
INFO: [SIM-utils-43] Exported 'E:/MTP2/neuralNetwork-master/Tut-8/NN-FPGA/NN-FPGA.sim/sim_1/behav/xsim/b_3_0.mif'
INFO: [SIM-utils-43] Exported 'E:/MTP2/neuralNetwork-master/Tut-8/NN-FPGA/NN-FPGA.sim/sim_1/behav/xsim/b_3_1.mif'
INFO: [SIM-utils-43] Exported 'E:/MTP2/neuralNetwork-master/Tut-8/NN-FPGA/NN-FPGA.sim/sim_1/behav/xsim/b_3_2.mif'
INFO: [SIM-utils-43] Exported 'E:/MTP2/neuralNetwork-master/Tut-8/NN-FPGA/NN-FPGA.sim/sim_1/behav/xsim/b_3_3.mif'
INFO: [SIM-utils-43] Exported 'E:/MTP2/neuralNetwork-master/Tut-8/NN-FPGA/NN-FPGA.sim/sim_1/behav/xsim/b_3_4.mif'
INFO: [SIM-utils-43] Exported 'E:/MTP2/neuralNetwork-master/Tut-8/NN-FPGA/NN-FPGA.sim/sim_1/behav/xsim/b_3_5.mif'
INFO: [SIM-utils-43] Exported 'E:/MTP2/neuralNetwork-master/Tut-8/NN-FPGA/NN-FPGA.sim/sim_1/behav/xsim/b_3_6.mif'
INFO: [SIM-utils-43] Exported 'E:/MTP2/neuralNetwork-master/Tut-8/NN-FPGA/NN-FPGA.sim/sim_1/behav/xsim/b_3_7.mif'
INFO: [SIM-utils-43] Exported 'E:/MTP2/neuralNetwork-master/Tut-8/NN-FPGA/NN-FPGA.sim/sim_1/behav/xsim/b_3_8.mif'
INFO: [SIM-utils-43] Exported 'E:/MTP2/neuralNetwork-master/Tut-8/NN-FPGA/NN-FPGA.sim/sim_1/behav/xsim/b_3_9.mif'
INFO: [SIM-utils-43] Exported 'E:/MTP2/neuralNetwork-master/Tut-8/NN-FPGA/NN-FPGA.sim/sim_1/behav/xsim/b_4_0.mif'
INFO: [SIM-utils-43] Exported 'E:/MTP2/neuralNetwork-master/Tut-8/NN-FPGA/NN-FPGA.sim/sim_1/behav/xsim/b_4_1.mif'
INFO: [SIM-utils-43] Exported 'E:/MTP2/neuralNetwork-master/Tut-8/NN-FPGA/NN-FPGA.sim/sim_1/behav/xsim/b_4_2.mif'
INFO: [SIM-utils-43] Exported 'E:/MTP2/neuralNetwork-master/Tut-8/NN-FPGA/NN-FPGA.sim/sim_1/behav/xsim/b_4_3.mif'
INFO: [SIM-utils-43] Exported 'E:/MTP2/neuralNetwork-master/Tut-8/NN-FPGA/NN-FPGA.sim/sim_1/behav/xsim/b_4_4.mif'
INFO: [SIM-utils-43] Exported 'E:/MTP2/neuralNetwork-master/Tut-8/NN-FPGA/NN-FPGA.sim/sim_1/behav/xsim/b_4_5.mif'
INFO: [SIM-utils-43] Exported 'E:/MTP2/neuralNetwork-master/Tut-8/NN-FPGA/NN-FPGA.sim/sim_1/behav/xsim/b_4_6.mif'
INFO: [SIM-utils-43] Exported 'E:/MTP2/neuralNetwork-master/Tut-8/NN-FPGA/NN-FPGA.sim/sim_1/behav/xsim/b_4_7.mif'
INFO: [SIM-utils-43] Exported 'E:/MTP2/neuralNetwork-master/Tut-8/NN-FPGA/NN-FPGA.sim/sim_1/behav/xsim/b_4_8.mif'
INFO: [SIM-utils-43] Exported 'E:/MTP2/neuralNetwork-master/Tut-8/NN-FPGA/NN-FPGA.sim/sim_1/behav/xsim/b_4_9.mif'
INFO: [SIM-utils-43] Exported 'E:/MTP2/neuralNetwork-master/Tut-8/NN-FPGA/NN-FPGA.sim/sim_1/behav/xsim/sigContent.mif'
INFO: [SIM-utils-43] Exported 'E:/MTP2/neuralNetwork-master/Tut-8/NN-FPGA/NN-FPGA.sim/sim_1/behav/xsim/w_1_0.mif'
INFO: [SIM-utils-43] Exported 'E:/MTP2/neuralNetwork-master/Tut-8/NN-FPGA/NN-FPGA.sim/sim_1/behav/xsim/w_1_1.mif'
INFO: [SIM-utils-43] Exported 'E:/MTP2/neuralNetwork-master/Tut-8/NN-FPGA/NN-FPGA.sim/sim_1/behav/xsim/w_1_10.mif'
INFO: [SIM-utils-43] Exported 'E:/MTP2/neuralNetwork-master/Tut-8/NN-FPGA/NN-FPGA.sim/sim_1/behav/xsim/w_1_11.mif'
INFO: [SIM-utils-43] Exported 'E:/MTP2/neuralNetwork-master/Tut-8/NN-FPGA/NN-FPGA.sim/sim_1/behav/xsim/w_1_12.mif'
INFO: [SIM-utils-43] Exported 'E:/MTP2/neuralNetwork-master/Tut-8/NN-FPGA/NN-FPGA.sim/sim_1/behav/xsim/w_1_13.mif'
INFO: [SIM-utils-43] Exported 'E:/MTP2/neuralNetwork-master/Tut-8/NN-FPGA/NN-FPGA.sim/sim_1/behav/xsim/w_1_14.mif'
INFO: [SIM-utils-43] Exported 'E:/MTP2/neuralNetwork-master/Tut-8/NN-FPGA/NN-FPGA.sim/sim_1/behav/xsim/w_1_15.mif'
INFO: [SIM-utils-43] Exported 'E:/MTP2/neuralNetwork-master/Tut-8/NN-FPGA/NN-FPGA.sim/sim_1/behav/xsim/w_1_16.mif'
INFO: [SIM-utils-43] Exported 'E:/MTP2/neuralNetwork-master/Tut-8/NN-FPGA/NN-FPGA.sim/sim_1/behav/xsim/w_1_17.mif'
INFO: [SIM-utils-43] Exported 'E:/MTP2/neuralNetwork-master/Tut-8/NN-FPGA/NN-FPGA.sim/sim_1/behav/xsim/w_1_18.mif'
INFO: [SIM-utils-43] Exported 'E:/MTP2/neuralNetwork-master/Tut-8/NN-FPGA/NN-FPGA.sim/sim_1/behav/xsim/w_1_19.mif'
INFO: [SIM-utils-43] Exported 'E:/MTP2/neuralNetwork-master/Tut-8/NN-FPGA/NN-FPGA.sim/sim_1/behav/xsim/w_1_2.mif'
INFO: [SIM-utils-43] Exported 'E:/MTP2/neuralNetwork-master/Tut-8/NN-FPGA/NN-FPGA.sim/sim_1/behav/xsim/w_1_20.mif'
INFO: [SIM-utils-43] Exported 'E:/MTP2/neuralNetwork-master/Tut-8/NN-FPGA/NN-FPGA.sim/sim_1/behav/xsim/w_1_21.mif'
INFO: [SIM-utils-43] Exported 'E:/MTP2/neuralNetwork-master/Tut-8/NN-FPGA/NN-FPGA.sim/sim_1/behav/xsim/w_1_22.mif'
INFO: [SIM-utils-43] Exported 'E:/MTP2/neuralNetwork-master/Tut-8/NN-FPGA/NN-FPGA.sim/sim_1/behav/xsim/w_1_23.mif'
INFO: [SIM-utils-43] Exported 'E:/MTP2/neuralNetwork-master/Tut-8/NN-FPGA/NN-FPGA.sim/sim_1/behav/xsim/w_1_24.mif'
INFO: [Common 17-14] Message 'SIM-utils 43' appears 100 times and further instances of the messages will be disabled. Use the Tcl command set_msg_config to change the current settings.
INFO: [USF-XSim-97] Finding global include files...
INFO: [USF-XSim-98] Fetching design files from 'sim_1'...
INFO: [USF-XSim-2] XSim::Compile design
INFO: [USF-XSim-61] Executing 'COMPILE and ANALYZE' step in 'E:/MTP2/neuralNetwork-master/Tut-8/NN-FPGA/NN-FPGA.sim/sim_1/behav/xsim'
"xvlog --incr --relax -L axi_vip_v1_1_11 -L smartconnect_v1_0 -L processing_system7_vip_v1_0_13 -L xilinx_vip -prj top_sim_vlog.prj"
INFO: [VRFC 10-2263] Analyzing Verilog file "E:/MTP2/neuralNetwork-master/Tut-8/src/fpga/rtl/Layer_1.v" into library xil_defaultlib
INFO: [VRFC 10-311] analyzing module Layer_1
INFO: [VRFC 10-2263] Analyzing Verilog file "E:/MTP2/neuralNetwork-master/Tut-8/src/fpga/rtl/Layer_2.v" into library xil_defaultlib
INFO: [VRFC 10-311] analyzing module Layer_2
INFO: [VRFC 10-2263] Analyzing Verilog file "E:/MTP2/neuralNetwork-master/Tut-8/src/fpga/rtl/Layer_3.v" into library xil_defaultlib
INFO: [VRFC 10-311] analyzing module Layer_3
INFO: [VRFC 10-2263] Analyzing Verilog file "E:/MTP2/neuralNetwork-master/Tut-8/src/fpga/rtl/Layer_4.v" into library xil_defaultlib
INFO: [VRFC 10-311] analyzing module Layer_4
INFO: [VRFC 10-2263] Analyzing Verilog file "E:/MTP2/neuralNetwork-master/Tut-8/src/fpga/rtl/Sig_ROM.v" into library xil_defaultlib
INFO: [VRFC 10-311] analyzing module Sig_ROM
INFO: [VRFC 10-2263] Analyzing Verilog file "E:/MTP2/neuralNetwork-master/Tut-8/src/fpga/rtl/Weight_Memory.v" into library xil_defaultlib
INFO: [VRFC 10-311] analyzing module Weight_Memory
INFO: [VRFC 10-2263] Analyzing Verilog file "E:/MTP2/neuralNetwork-master/Tut-8/src/fpga/rtl/axi_lite_wrapper.v" into library xil_defaultlib
INFO: [VRFC 10-311] analyzing module axi_lite_wrapper
INFO: [VRFC 10-2263] Analyzing Verilog file "E:/MTP2/neuralNetwork-master/Tut-8/src/fpga/rtl/maxFinder.v" into library xil_defaultlib
INFO: [VRFC 10-311] analyzing module maxFinder
INFO: [VRFC 10-2263] Analyzing Verilog file "E:/MTP2/neuralNetwork-master/Tut-8/src/fpga/rtl/neuron.v" into library xil_defaultlib
INFO: [VRFC 10-311] analyzing module neuron
INFO: [VRFC 10-2263] Analyzing Verilog file "E:/MTP2/neuralNetwork-master/Tut-8/src/fpga/rtl/relu.v" into library xil_defaultlib
INFO: [VRFC 10-311] analyzing module ReLU
INFO: [VRFC 10-2263] Analyzing Verilog file "E:/MTP2/neuralNetwork-master/Tut-8/src/fpga/rtl/zynet.v" into library xil_defaultlib
INFO: [VRFC 10-311] analyzing module zyNet
INFO: [VRFC 10-2263] Analyzing Verilog file "E:/MTP2/neuralNetwork-master/Tut-8/src/fpga/tb/top_sim.v" into library xil_defaultlib
INFO: [VRFC 10-311] analyzing module top_sim
INFO: [USF-XSim-69] 'compile' step finished in '2' seconds
INFO: [USF-XSim-3] XSim::Elaborate design
INFO: [USF-XSim-61] Executing 'ELABORATE' step in 'E:/MTP2/neuralNetwork-master/Tut-8/NN-FPGA/NN-FPGA.sim/sim_1/behav/xsim'
"xelab --incr --debug typical --relax --mt 2 -L xil_defaultlib -L xilinx_vip -L unisims_ver -L unimacro_ver -L secureip -L xpm --snapshot top_sim_behav xil_defaultlib.top_sim xil_defaultlib.glbl -log elaborate.log"
Vivado Simulator v2021.2
Copyright 1986-1999, 2001-2021 Xilinx, Inc. All Rights Reserved.
Running: E:/Xilinx/Vivado/2021.2/bin/unwrapped/win64.o/xelab.exe --incr --debug typical --relax --mt 2 -L xil_defaultlib -L xilinx_vip -L unisims_ver -L unimacro_ver -L secureip -L xpm --snapshot top_sim_behav xil_defaultlib.top_sim xil_defaultlib.glbl -log elaborate.log 
Using 2 slave threads.
Starting static elaboration
Pass Through NonSizing Optimizer
WARNING: [VRFC 10-3091] actual bit length 32 differs from formal bit length 5 for port 's_axi_awaddr' [E:/MTP2/neuralNetwork-master/Tut-8/src/fpga/tb/top_sim.v:73]
WARNING: [VRFC 10-3091] actual bit length 32 differs from formal bit length 3 for port 's_axi_awprot' [E:/MTP2/neuralNetwork-master/Tut-8/src/fpga/tb/top_sim.v:74]
WARNING: [VRFC 10-3091] actual bit length 32 differs from formal bit length 5 for port 's_axi_araddr' [E:/MTP2/neuralNetwork-master/Tut-8/src/fpga/tb/top_sim.v:84]
WARNING: [VRFC 10-3091] actual bit length 32 differs from formal bit length 3 for port 's_axi_arprot' [E:/MTP2/neuralNetwork-master/Tut-8/src/fpga/tb/top_sim.v:85]
WARNING: [VRFC 10-3091] actual bit length 11 differs from formal bit length 10 for port 'radd' [E:/MTP2/neuralNetwork-master/Tut-8/src/fpga/rtl/neuron.v:172]
WARNING: [VRFC 10-3091] actual bit length 10 differs from formal bit length 1 for port 'i_valid' [E:/MTP2/neuralNetwork-master/Tut-8/src/fpga/rtl/zynet.v:378]
Completed static elaboration
Starting simulation data flow analysis
WARNING: [XSIM 43-4099] "E:/MTP2/neuralNetwork-master/Tut-8/src/fpga/rtl/Layer_1.v" Line 1. Module Layer_1(actType="sigmoid") doesn't have a timescale but at least one module in design has a timescale.
WARNING: [XSIM 43-4099] "E:/MTP2/neuralNetwork-master/Tut-8/src/fpga/rtl/Layer_2.v" Line 1. Module Layer_2(numWeight=30,layerNum=2,actType="sigmoid") doesn't have a timescale but at least one module in design has a timescale.
WARNING: [XSIM 43-4099] "E:/MTP2/neuralNetwork-master/Tut-8/src/fpga/rtl/Layer_3.v" Line 1. Module Layer_3(NN=10,numWeight=30,layerNum=3,actType="sigmoid") doesn't have a timescale but at least one module in design has a timescale.
WARNING: [XSIM 43-4099] "E:/MTP2/neuralNetwork-master/Tut-8/src/fpga/rtl/Layer_4.v" Line 1. Module Layer_4(NN=10,numWeight=10,layerNum=4,actType="sigmoid") doesn't have a timescale but at least one module in design has a timescale.
WARNING: [XSIM 43-4099] "E:/MTP2/neuralNetwork-master/Tut-8/src/fpga/rtl/Layer_1.v" Line 1. Module Layer_1(actType="sigmoid") doesn't have a timescale but at least one module in design has a timescale.
WARNING: [XSIM 43-4099] "E:/MTP2/neuralNetwork-master/Tut-8/src/fpga/rtl/Layer_2.v" Line 1. Module Layer_2(numWeight=30,layerNum=2,actType="sigmoid") doesn't have a timescale but at least one module in design has a timescale.
WARNING: [XSIM 43-4099] "E:/MTP2/neuralNetwork-master/Tut-8/src/fpga/rtl/Layer_3.v" Line 1. Module Layer_3(NN=10,numWeight=30,layerNum=3,actType="sigmoid") doesn't have a timescale but at least one module in design has a timescale.
WARNING: [XSIM 43-4099] "E:/MTP2/neuralNetwork-master/Tut-8/src/fpga/rtl/Layer_4.v" Line 1. Module Layer_4(NN=10,numWeight=10,layerNum=4,actType="sigmoid") doesn't have a timescale but at least one module in design has a timescale.
Completed simulation data flow analysis
Time Resolution for simulation is 1ps
Compiling module xil_defaultlib.axi_lite_wrapper_default
Compiling module xil_defaultlib.Weight_Memory(numWeight=784,neur...
Compiling module xil_defaultlib.Sig_ROM
Compiling module xil_defaultlib.neuron(layerNo=1,sigmoidSize=10,...
Compiling module xil_defaultlib.Weight_Memory(numWeight=784,neur...
Compiling module xil_defaultlib.neuron(layerNo=1,neuronNo=1,sigm...
Compiling module xil_defaultlib.Weight_Memory(numWeight=784,neur...
Compiling module xil_defaultlib.neuron(layerNo=1,neuronNo=2,sigm...
Compiling module xil_defaultlib.Weight_Memory(numWeight=784,neur...
Compiling module xil_defaultlib.neuron(layerNo=1,neuronNo=3,sigm...
Compiling module xil_defaultlib.Weight_Memory(numWeight=784,neur...
Compiling module xil_defaultlib.neuron(layerNo=1,neuronNo=4,sigm...
Compiling module xil_defaultlib.Weight_Memory(numWeight=784,weig...
Compiling module xil_defaultlib.neuron(layerNo=1,neuronNo=5,sigm...
Compiling module xil_defaultlib.Weight_Memory(numWeight=784,neur...
Compiling module xil_defaultlib.neuron(layerNo=1,neuronNo=6,sigm...
Compiling module xil_defaultlib.Weight_Memory(numWeight=784,neur...
Compiling module xil_defaultlib.neuron(layerNo=1,neuronNo=7,sigm...
Compiling module xil_defaultlib.Weight_Memory(numWeight=784,neur...
Compiling module xil_defaultlib.neuron(layerNo=1,neuronNo=8,sigm...
Compiling module xil_defaultlib.Weight_Memory(numWeight=784,neur...
Compiling module xil_defaultlib.neuron(layerNo=1,neuronNo=9,sigm...
Compiling module xil_defaultlib.Weight_Memory(numWeight=784,neur...
Compiling module xil_defaultlib.neuron(layerNo=1,neuronNo=10,sig...
Compiling module xil_defaultlib.Weight_Memory(numWeight=784,neur...
Compiling module xil_defaultlib.neuron(layerNo=1,neuronNo=11,sig...
Compiling module xil_defaultlib.Weight_Memory(numWeight=784,neur...
Compiling module xil_defaultlib.neuron(layerNo=1,neuronNo=12,sig...
Compiling module xil_defaultlib.Weight_Memory(numWeight=784,neur...
Compiling module xil_defaultlib.neuron(layerNo=1,neuronNo=13,sig...
Compiling module xil_defaultlib.Weight_Memory(numWeight=784,neur...
Compiling module xil_defaultlib.neuron(layerNo=1,neuronNo=14,sig...
Compiling module xil_defaultlib.Weight_Memory(numWeight=784,neur...
Compiling module xil_defaultlib.neuron(layerNo=1,neuronNo=15,sig...
Compiling module xil_defaultlib.Weight_Memory(numWeight=784,neur...
Compiling module xil_defaultlib.neuron(layerNo=1,neuronNo=16,sig...
Compiling module xil_defaultlib.Weight_Memory(numWeight=784,neur...
Compiling module xil_defaultlib.neuron(layerNo=1,neuronNo=17,sig...
Compiling module xil_defaultlib.Weight_Memory(numWeight=784,neur...
Compiling module xil_defaultlib.neuron(layerNo=1,neuronNo=18,sig...
Compiling module xil_defaultlib.Weight_Memory(numWeight=784,neur...
Compiling module xil_defaultlib.neuron(layerNo=1,neuronNo=19,sig...
Compiling module xil_defaultlib.Weight_Memory(numWeight=784,neur...
Compiling module xil_defaultlib.neuron(layerNo=1,neuronNo=20,sig...
Compiling module xil_defaultlib.Weight_Memory(numWeight=784,neur...
Compiling module xil_defaultlib.neuron(layerNo=1,neuronNo=21,sig...
Compiling module xil_defaultlib.Weight_Memory(numWeight=784,neur...
Compiling module xil_defaultlib.neuron(layerNo=1,neuronNo=22,sig...
Compiling module xil_defaultlib.Weight_Memory(numWeight=784,neur...
Compiling module xil_defaultlib.neuron(layerNo=1,neuronNo=23,sig...
Compiling module xil_defaultlib.Weight_Memory(numWeight=784,neur...
Compiling module xil_defaultlib.neuron(layerNo=1,neuronNo=24,sig...
Compiling module xil_defaultlib.Weight_Memory(numWeight=784,neur...
Compiling module xil_defaultlib.neuron(layerNo=1,neuronNo=25,sig...
Compiling module xil_defaultlib.Weight_Memory(numWeight=784,neur...
Compiling module xil_defaultlib.neuron(layerNo=1,neuronNo=26,sig...
Compiling module xil_defaultlib.Weight_Memory(numWeight=784,neur...
Compiling module xil_defaultlib.neuron(layerNo=1,neuronNo=27,sig...
Compiling module xil_defaultlib.Weight_Memory(numWeight=784,neur...
Compiling module xil_defaultlib.neuron(layerNo=1,neuronNo=28,sig...
Compiling module xil_defaultlib.Weight_Memory(numWeight=784,neur...
Compiling module xil_defaultlib.neuron(layerNo=1,neuronNo=29,sig...
Compiling module xil_defaultlib.Layer_1(actType="sigmoid")
Compiling module xil_defaultlib.Weight_Memory(numWeight=30,neuro...
Compiling module xil_defaultlib.neuron(layerNo=2,numWeight=30,si...
Compiling module xil_defaultlib.Weight_Memory(numWeight=30,neuro...
Compiling module xil_defaultlib.neuron(layerNo=2,neuronNo=1,numW...
Compiling module xil_defaultlib.Weight_Memory(numWeight=30,neuro...
Compiling module xil_defaultlib.neuron(layerNo=2,neuronNo=2,numW...
Compiling module xil_defaultlib.Weight_Memory(numWeight=30,neuro...
Compiling module xil_defaultlib.neuron(layerNo=2,neuronNo=3,numW...
Compiling module xil_defaultlib.Weight_Memory(numWeight=30,neuro...
Compiling module xil_defaultlib.neuron(layerNo=2,neuronNo=4,numW...
Compiling module xil_defaultlib.Weight_Memory(numWeight=30,layer...
Compiling module xil_defaultlib.neuron(layerNo=2,neuronNo=5,numW...
Compiling module xil_defaultlib.Weight_Memory(numWeight=30,neuro...
Compiling module xil_defaultlib.neuron(layerNo=2,neuronNo=6,numW...
Compiling module xil_defaultlib.Weight_Memory(numWeight=30,neuro...
Compiling module xil_defaultlib.neuron(layerNo=2,neuronNo=7,numW...
Compiling module xil_defaultlib.Weight_Memory(numWeight=30,neuro...
Compiling module xil_defaultlib.neuron(layerNo=2,neuronNo=8,numW...
Compiling module xil_defaultlib.Weight_Memory(numWeight=30,neuro...
Compiling module xil_defaultlib.neuron(layerNo=2,neuronNo=9,numW...
Compiling module xil_defaultlib.Weight_Memory(numWeight=30,neuro...
Compiling module xil_defaultlib.neuron(layerNo=2,neuronNo=10,num...
Compiling module xil_defaultlib.Weight_Memory(numWeight=30,neuro...
Compiling module xil_defaultlib.neuron(layerNo=2,neuronNo=11,num...
Compiling module xil_defaultlib.Weight_Memory(numWeight=30,neuro...
Compiling module xil_defaultlib.neuron(layerNo=2,neuronNo=12,num...
Compiling module xil_defaultlib.Weight_Memory(numWeight=30,neuro...
Compiling module xil_defaultlib.neuron(layerNo=2,neuronNo=13,num...
Compiling module xil_defaultlib.Weight_Memory(numWeight=30,neuro...
Compiling module xil_defaultlib.neuron(layerNo=2,neuronNo=14,num...
Compiling module xil_defaultlib.Weight_Memory(numWeight=30,neuro...
Compiling module xil_defaultlib.neuron(layerNo=2,neuronNo=15,num...
Compiling module xil_defaultlib.Weight_Memory(numWeight=30,neuro...
Compiling module xil_defaultlib.neuron(layerNo=2,neuronNo=16,num...
Compiling module xil_defaultlib.Weight_Memory(numWeight=30,neuro...
Compiling module xil_defaultlib.neuron(layerNo=2,neuronNo=17,num...
Compiling module xil_defaultlib.Weight_Memory(numWeight=30,neuro...
Compiling module xil_defaultlib.neuron(layerNo=2,neuronNo=18,num...
Compiling module xil_defaultlib.Weight_Memory(numWeight=30,neuro...
Compiling module xil_defaultlib.neuron(layerNo=2,neuronNo=19,num...
Compiling module xil_defaultlib.Weight_Memory(numWeight=30,neuro...
Compiling module xil_defaultlib.neuron(layerNo=2,neuronNo=20,num...
Compiling module xil_defaultlib.Weight_Memory(numWeight=30,neuro...
Compiling module xil_defaultlib.neuron(layerNo=2,neuronNo=21,num...
Compiling module xil_defaultlib.Weight_Memory(numWeight=30,neuro...
Compiling module xil_defaultlib.neuron(layerNo=2,neuronNo=22,num...
Compiling module xil_defaultlib.Weight_Memory(numWeight=30,neuro...
Compiling module xil_defaultlib.neuron(layerNo=2,neuronNo=23,num...
Compiling module xil_defaultlib.Weight_Memory(numWeight=30,neuro...
Compiling module xil_defaultlib.neuron(layerNo=2,neuronNo=24,num...
Compiling module xil_defaultlib.Weight_Memory(numWeight=30,neuro...
Compiling module xil_defaultlib.neuron(layerNo=2,neuronNo=25,num...
Compiling module xil_defaultlib.Weight_Memory(numWeight=30,neuro...
Compiling module xil_defaultlib.neuron(layerNo=2,neuronNo=26,num...
Compiling module xil_defaultlib.Weight_Memory(numWeight=30,neuro...
Compiling module xil_defaultlib.neuron(layerNo=2,neuronNo=27,num...
Compiling module xil_defaultlib.Weight_Memory(numWeight=30,neuro...
Compiling module xil_defaultlib.neuron(layerNo=2,neuronNo=28,num...
Compiling module xil_defaultlib.Weight_Memory(numWeight=30,neuro...
Compiling module xil_defaultlib.neuron(layerNo=2,neuronNo=29,num...
Compiling module xil_defaultlib.Layer_2(numWeight=30,layerNum=2,...
Compiling module xil_defaultlib.Weight_Memory(numWeight=30,neuro...
Compiling module xil_defaultlib.neuron(layerNo=3,numWeight=30,si...
Compiling module xil_defaultlib.Weight_Memory(numWeight=30,neuro...
Compiling module xil_defaultlib.neuron(layerNo=3,neuronNo=1,numW...
Compiling module xil_defaultlib.Weight_Memory(numWeight=30,neuro...
Compiling module xil_defaultlib.neuron(layerNo=3,neuronNo=2,numW...
Compiling module xil_defaultlib.Weight_Memory(numWeight=30,neuro...
Compiling module xil_defaultlib.neuron(layerNo=3,neuronNo=3,numW...
Compiling module xil_defaultlib.Weight_Memory(numWeight=30,neuro...
Compiling module xil_defaultlib.neuron(layerNo=3,neuronNo=4,numW...
Compiling module xil_defaultlib.Weight_Memory(numWeight=30,layer...
Compiling module xil_defaultlib.neuron(layerNo=3,neuronNo=5,numW...
Compiling module xil_defaultlib.Weight_Memory(numWeight=30,neuro...
Compiling module xil_defaultlib.neuron(layerNo=3,neuronNo=6,numW...
Compiling module xil_defaultlib.Weight_Memory(numWeight=30,neuro...
Compiling module xil_defaultlib.neuron(layerNo=3,neuronNo=7,numW...
Compiling module xil_defaultlib.Weight_Memory(numWeight=30,neuro...
Compiling module xil_defaultlib.neuron(layerNo=3,neuronNo=8,numW...
Compiling module xil_defaultlib.Weight_Memory(numWeight=30,neuro...
Compiling module xil_defaultlib.neuron(layerNo=3,neuronNo=9,numW...
Compiling module xil_defaultlib.Layer_3(NN=10,numWeight=30,layer...
Compiling module xil_defaultlib.Weight_Memory(numWeight=10,neuro...
Compiling module xil_defaultlib.neuron(layerNo=4,numWeight=10,si...
Compiling module xil_defaultlib.Weight_Memory(numWeight=10,neuro...
Compiling module xil_defaultlib.neuron(layerNo=4,neuronNo=1,numW...
Compiling module xil_defaultlib.Weight_Memory(numWeight=10,neuro...
Compiling module xil_defaultlib.neuron(layerNo=4,neuronNo=2,numW...
Compiling module xil_defaultlib.Weight_Memory(numWeight=10,neuro...
Compiling module xil_defaultlib.neuron(layerNo=4,neuronNo=3,numW...
Compiling module xil_defaultlib.Weight_Memory(numWeight=10,neuro...
Compiling module xil_defaultlib.neuron(layerNo=4,neuronNo=4,numW...
Compiling module xil_defaultlib.Weight_Memory(numWeight=10,layer...
Compiling module xil_defaultlib.neuron(layerNo=4,neuronNo=5,numW...
Compiling module xil_defaultlib.Weight_Memory(numWeight=10,neuro...
Compiling module xil_defaultlib.neuron(layerNo=4,neuronNo=6,numW...
Compiling module xil_defaultlib.Weight_Memory(numWeight=10,neuro...
Compiling module xil_defaultlib.neuron(layerNo=4,neuronNo=7,numW...
Compiling module xil_defaultlib.Weight_Memory(numWeight=10,neuro...
Compiling module xil_defaultlib.neuron(layerNo=4,neuronNo=8,numW...
Compiling module xil_defaultlib.Weight_Memory(numWeight=10,neuro...
Compiling module xil_defaultlib.neuron(layerNo=4,neuronNo=9,numW...
Compiling module xil_defaultlib.Layer_4(NN=10,numWeight=10,layer...
Compiling module xil_defaultlib.maxFinder
Compiling module xil_defaultlib.zyNet
Compiling module xil_defaultlib.top_sim
Compiling module xil_defaultlib.glbl
Built simulation snapshot top_sim_behav
run_program: Time (s): cpu = 00:00:01 ; elapsed = 00:00:12 . Memory (MB): peak = 1567.098 ; gain = 0.000
INFO: [USF-XSim-69] 'elaborate' step finished in '12' seconds
INFO: [USF-XSim-4] XSim::Simulate design
INFO: [USF-XSim-61] Executing 'SIMULATE' step in 'E:/MTP2/neuralNetwork-master/Tut-8/NN-FPGA/NN-FPGA.sim/sim_1/behav/xsim'
INFO: [USF-XSim-98] *** Running xsim
   with args "top_sim_behav -key {Behavioral:sim_1:Functional:top_sim} -tclbatch {top_sim.tcl} -protoinst "protoinst_files/bd_398e.protoinst" -protoinst "protoinst_files/myBlock.protoinst" -log {simulate.log}"
INFO: [USF-XSim-8] Loading simulator feature
INFO: [Wavedata 42-565] Reading protoinst file protoinst_files/bd_398e.protoinst
WARNING: [Wavedata 42-558] Couldn't load one or more protocol instances from protoinst file protoinst_files/bd_398e.protoinst for the following reason(s):
There are no instances of module "bd_398e" in the design.

INFO: [Wavedata 42-565] Reading protoinst file protoinst_files/myBlock.protoinst
WARNING: [Wavedata 42-558] Couldn't load one or more protocol instances from protoinst file protoinst_files/myBlock.protoinst for the following reason(s):
There are no instances of module "myBlock" in the design.

Time resolution is 1 ps
source top_sim.tcl
# set curr_wave [current_wave_config]
# if { [string length $curr_wave] == 0 } {
#   if { [llength [get_objects]] > 0} {
#     add_wave /
#     set_property needs_save false [current_wave_config]
#   } else {
#      send_msg_id Add_Wave-1 WARNING "No top level signals found. Simulator will start without a wave window. If you want to open a wave window go to 'File->New Waveform Configuration' or type 'create_wave_config' in the TCL console."
#   }
# }
# run 1000ns
Configuration completed                      0 ns
INFO: [USF-XSim-96] XSim completed. Design snapshot 'top_sim_behav' loaded.
INFO: [USF-XSim-97] XSim simulation ran for 1000ns
launch_simulation: Time (s): cpu = 00:00:14 ; elapsed = 00:00:27 . Memory (MB): peak = 1567.098 ; gain = 0.000
run all
1. Accuracy: 100.000000, Detected number: 7, Expected: 0007
2. Accuracy: 100.000000, Detected number: 2, Expected: 0002
3. Accuracy: 100.000000, Detected number: 1, Expected: 0001
4. Accuracy: 100.000000, Detected number: 0, Expected: 0000
5. Accuracy: 100.000000, Detected number: 4, Expected: 0004
6. Accuracy: 100.000000, Detected number: 1, Expected: 0001
7. Accuracy: 100.000000, Detected number: 4, Expected: 0004
8. Accuracy: 100.000000, Detected number: 9, Expected: 0009
9. Accuracy: 88.888889, Detected number: 6, Expected: 0005
10. Accuracy: 90.000000, Detected number: 9, Expected: 0009
11. Accuracy: 90.909091, Detected number: 0, Expected: 0000
12. Accuracy: 91.666667, Detected number: 6, Expected: 0006
13. Accuracy: 92.307692, Detected number: 9, Expected: 0009
14. Accuracy: 92.857143, Detected number: 0, Expected: 0000
15. Accuracy: 93.333333, Detected number: 1, Expected: 0001
16. Accuracy: 93.750000, Detected number: 5, Expected: 0005
17. Accuracy: 94.117647, Detected number: 9, Expected: 0009
18. Accuracy: 94.444444, Detected number: 7, Expected: 0007
19. Accuracy: 89.473684, Detected number: 8, Expected: 0003
20. Accuracy: 90.000000, Detected number: 4, Expected: 0004
21. Accuracy: 90.476190, Detected number: 9, Expected: 0009
22. Accuracy: 90.909091, Detected number: 6, Expected: 0006
23. Accuracy: 91.304348, Detected number: 6, Expected: 0006
24. Accuracy: 91.666667, Detected number: 5, Expected: 0005
25. Accuracy: 92.000000, Detected number: 4, Expected: 0004
26. Accuracy: 92.307692, Detected number: 0, Expected: 0000
27. Accuracy: 92.592593, Detected number: 7, Expected: 0007
28. Accuracy: 92.857143, Detected number: 4, Expected: 0004
29. Accuracy: 93.103448, Detected number: 0, Expected: 0000
30. Accuracy: 93.333333, Detected number: 1, Expected: 0001
31. Accuracy: 93.548387, Detected number: 3, Expected: 0003
32. Accuracy: 93.750000, Detected number: 1, Expected: 0001
33. Accuracy: 93.939394, Detected number: 3, Expected: 0003
34. Accuracy: 91.176471, Detected number: 6, Expected: 0004
35. Accuracy: 91.428571, Detected number: 7, Expected: 0007
36. Accuracy: 91.666667, Detected number: 2, Expected: 0002
37. Accuracy: 91.891892, Detected number: 7, Expected: 0007
38. Accuracy: 92.105263, Detected number: 1, Expected: 0001
39. Accuracy: 89.743590, Detected number: 3, Expected: 0002
40. Accuracy: 90.000000, Detected number: 1, Expected: 0001
41. Accuracy: 90.243902, Detected number: 1, Expected: 0001
42. Accuracy: 90.476190, Detected number: 7, Expected: 0007
43. Accuracy: 90.697674, Detected number: 4, Expected: 0004
44. Accuracy: 90.909091, Detected number: 2, Expected: 0002
45. Accuracy: 91.111111, Detected number: 3, Expected: 0003
46. Accuracy: 91.304348, Detected number: 5, Expected: 0005
47. Accuracy: 91.489362, Detected number: 1, Expected: 0001
48. Accuracy: 91.666667, Detected number: 2, Expected: 0002
49. Accuracy: 91.836735, Detected number: 4, Expected: 0004
50. Accuracy: 92.000000, Detected number: 4, Expected: 0004
51. Accuracy: 92.156863, Detected number: 6, Expected: 0006
52. Accuracy: 90.384615, Detected number: 7, Expected: 0003
53. Accuracy: 90.566038, Detected number: 5, Expected: 0005
54. Accuracy: 90.740741, Detected number: 5, Expected: 0005
55. Accuracy: 90.909091, Detected number: 6, Expected: 0006
56. Accuracy: 91.071429, Detected number: 0, Expected: 0000
57. Accuracy: 91.228070, Detected number: 4, Expected: 0004
58. Accuracy: 91.379310, Detected number: 1, Expected: 0001
59. Accuracy: 91.525424, Detected number: 9, Expected: 0009
60. Accuracy: 91.666667, Detected number: 5, Expected: 0005
61. Accuracy: 91.803279, Detected number: 7, Expected: 0007
62. Accuracy: 91.935484, Detected number: 8, Expected: 0008
63. Accuracy: 92.063492, Detected number: 9, Expected: 0009
64. Accuracy: 92.187500, Detected number: 3, Expected: 0003
65. Accuracy: 92.307692, Detected number: 7, Expected: 0007
66. Accuracy: 92.424242, Detected number: 4, Expected: 0004
67. Accuracy: 92.537313, Detected number: 6, Expected: 0006
68. Accuracy: 92.647059, Detected number: 4, Expected: 0004
69. Accuracy: 92.753623, Detected number: 3, Expected: 0003
70. Accuracy: 92.857143, Detected number: 0, Expected: 0000
71. Accuracy: 92.957746, Detected number: 7, Expected: 0007
72. Accuracy: 93.055556, Detected number: 0, Expected: 0000
73. Accuracy: 93.150685, Detected number: 2, Expected: 0002
74. Accuracy: 93.243243, Detected number: 9, Expected: 0009
75. Accuracy: 93.333333, Detected number: 1, Expected: 0001
76. Accuracy: 93.421053, Detected number: 7, Expected: 0007
77. Accuracy: 93.506494, Detected number: 3, Expected: 0003
78. Accuracy: 93.589744, Detected number: 2, Expected: 0002
79. Accuracy: 93.670886, Detected number: 9, Expected: 0009
80. Accuracy: 93.750000, Detected number: 7, Expected: 0007
81. Accuracy: 93.827160, Detected number: 7, Expected: 0007
82. Accuracy: 93.902439, Detected number: 6, Expected: 0006
83. Accuracy: 93.975904, Detected number: 2, Expected: 0002
84. Accuracy: 94.047619, Detected number: 7, Expected: 0007
85. Accuracy: 94.117647, Detected number: 8, Expected: 0008
86. Accuracy: 94.186047, Detected number: 4, Expected: 0004
87. Accuracy: 94.252874, Detected number: 7, Expected: 0007
88. Accuracy: 94.318182, Detected number: 3, Expected: 0003
89. Accuracy: 94.382022, Detected number: 6, Expected: 0006
90. Accuracy: 94.444444, Detected number: 1, Expected: 0001
91. Accuracy: 94.505495, Detected number: 3, Expected: 0003
92. Accuracy: 94.565217, Detected number: 6, Expected: 0006
93. Accuracy: 94.623656, Detected number: 9, Expected: 0009
94. Accuracy: 94.680851, Detected number: 3, Expected: 0003
95. Accuracy: 94.736842, Detected number: 1, Expected: 0001
96. Accuracy: 94.791667, Detected number: 4, Expected: 0004
97. Accuracy: 94.845361, Detected number: 1, Expected: 0001
98. Accuracy: 94.897959, Detected number: 7, Expected: 0007
99. Accuracy: 94.949495, Detected number: 6, Expected: 0006
100. Accuracy: 95.000000, Detected number: 9, Expected: 0009
Accuracy: 95.000000
$stop called at time : 900235 ns : File "E:/MTP2/neuralNetwork-master/Tut-8/src/fpga/tb/top_sim.v" Line 358
run: Time (s): cpu = 00:00:03 ; elapsed = 00:00:12 . Memory (MB): peak = 1567.098 ; gain = 0.000
reset_run synth_1
INFO: [Project 1-1160] Copying file E:/MTP2/neuralNetwork-master/Tut-8/NN-FPGA/NN-FPGA.runs/synth_1/myBlock_wrapper.dcp to E:/MTP2/neuralNetwork-master/Tut-8/NN-FPGA/NN-FPGA.srcs/utils_1/imports/synth_1 and adding it to utils fileset
WARNING: [Vivado 12-1017] Problems encountered:
1. Failed to delete one or more files in run directory E:/MTP2/neuralNetwork-master/Tut-8/NN-FPGA/NN-FPGA.runs/synth_1

launch_runs impl_1 -to_step write_bitstream -jobs 6
[Sun Apr 24 15:22:12 2022] Launched synth_1...
Run output will be captured here: E:/MTP2/neuralNetwork-master/Tut-8/NN-FPGA/NN-FPGA.runs/synth_1/runme.log
[Sun Apr 24 15:22:12 2022] Launched impl_1...
Run output will be captured here: E:/MTP2/neuralNetwork-master/Tut-8/NN-FPGA/NN-FPGA.runs/impl_1/runme.log
run all
INFO: [Common 17-41] Interrupt caught. Command should exit soon.
run: Time (s): cpu = 00:00:11 ; elapsed = 00:03:14 . Memory (MB): peak = 1567.098 ; gain = 0.000
INFO: [Common 17-344] 'run' was cancelled
set_property top zyNet [current_fileset]
update_compile_order -fileset sources_1
open_bd_design {E:/MTP2/neuralNetwork-master/Tut-8/NN-FPGA/NN-FPGA.srcs/sources_1/bd/myBlock/myBlock.bd}
Reading block design file <E:/MTP2/neuralNetwork-master/Tut-8/NN-FPGA/NN-FPGA.srcs/sources_1/bd/myBlock/myBlock.bd>...
Adding component instance block -- xilinx.com:ip:axi_dma:7.1 - axi_dma_0
Adding component instance block -- xilinx.com:ip:smartconnect:1.0 - axi_smc
Adding component instance block -- xilinx.com:ip:processing_system7:5.5 - processing_system7_0
Adding component instance block -- xilinx.com:ip:axi_interconnect:2.1 - ps7_0_axi_periph
Adding component instance block -- xilinx.com:ip:axi_crossbar:2.1 - xbar
Adding component instance block -- xilinx.com:ip:axi_protocol_converter:2.1 - auto_pc
Adding component instance block -- xilinx.com:ip:proc_sys_reset:5.0 - rst_ps7_0_100M
Adding component instance block -- xilinx.com:ip:xlconcat:2.1 - xlconcat_0
Adding component instance block -- VIP:user:zyNet:1.0 - zyNet_0
Successfully read diagram <myBlock> from block design file <E:/MTP2/neuralNetwork-master/Tut-8/NN-FPGA/NN-FPGA.srcs/sources_1/bd/myBlock/myBlock.bd>
INFO: [Coretcl 2-12] '/processing_system7_0/S_AXI_HP0' selected.
INFO: [Coretcl 2-12] '/axi_dma_0/M_AXI_MM2S' selected.
INFO: [Coretcl 2-12] '/processing_system7_0/M_AXI_GP0' selected.
INFO: [Coretcl 2-12] '/axi_dma_0/S_AXI_LITE' selected.
INFO: [Coretcl 2-12] '/zyNet_0/s_axi' selected.
INFO: [Coretcl 2-12] '/axi_dma_0/S_AXI_LITE' selected.
INFO: [Coretcl 2-12] '/processing_system7_0/S_AXI_HP0' selected.
INFO: [Coretcl 2-12] '/axi_dma_0/M_AXI_MM2S' selected.
INFO: [Coretcl 2-12] '/processing_system7_0' selected.
INFO: [Coretcl 2-12] '/processing_system7_0/M_AXI_GP0' selected.
INFO: [Coretcl 2-12] '/axi_dma_0/S_AXI_LITE' selected.
close_sim
INFO: xsimkernel Simulation Memory Usage: 18736 KB (Peak: 18736 KB), Simulation CPU Usage: 203562 ms
INFO: [Simtcl 6-16] Simulation closed
launch_simulation
Command: launch_simulation 
INFO: [Vivado 12-12493] Simulation top is 'top_sim'
WARNING: [Vivado 12-12986] Compiled library path does not exist: ''
INFO: [Vivado 12-5698] Checking validity of IPs in the design for the 'XSim' simulator...
INFO: [Vivado 12-5682] Launching behavioral simulation in 'E:/MTP2/neuralNetwork-master/Tut-8/NN-FPGA/NN-FPGA.sim/sim_1/behav/xsim'
INFO: [Vivado 12-4795] Using compiled simulation libraries for IPs
INFO: [SIM-utils-51] Simulation object is 'sim_1'
INFO: [SIM-utils-72] Using boost library from 'E:/Xilinx/Vivado/2021.2/tps/boost_1_72_0'
INFO: [USF-XSim-7] Finding pre-compiled libraries...
INFO: [USF-XSim-11] File 'E:/Xilinx/Vivado/2021.2/data/xsim/xsim.ini' copied to run dir:'E:/MTP2/neuralNetwork-master/Tut-8/NN-FPGA/NN-FPGA.sim/sim_1/behav/xsim'
INFO: [SIM-utils-54] Inspecting design source files for 'top_sim' in fileset 'sim_1'...
INFO: [SIM-utils-43] Exported 'E:/MTP2/neuralNetwork-master/Tut-8/NN-FPGA/NN-FPGA.sim/sim_1/behav/xsim/sc_xtlm_myBlock_axi_smc_0.mem'
INFO: [SIM-utils-43] Exported 'E:/MTP2/neuralNetwork-master/Tut-8/NN-FPGA/NN-FPGA.sim/sim_1/behav/xsim/b_1_0.mif'
INFO: [SIM-utils-43] Exported 'E:/MTP2/neuralNetwork-master/Tut-8/NN-FPGA/NN-FPGA.sim/sim_1/behav/xsim/b_1_1.mif'
INFO: [SIM-utils-43] Exported 'E:/MTP2/neuralNetwork-master/Tut-8/NN-FPGA/NN-FPGA.sim/sim_1/behav/xsim/b_1_10.mif'
INFO: [SIM-utils-43] Exported 'E:/MTP2/neuralNetwork-master/Tut-8/NN-FPGA/NN-FPGA.sim/sim_1/behav/xsim/b_1_11.mif'
INFO: [SIM-utils-43] Exported 'E:/MTP2/neuralNetwork-master/Tut-8/NN-FPGA/NN-FPGA.sim/sim_1/behav/xsim/b_1_12.mif'
INFO: [SIM-utils-43] Exported 'E:/MTP2/neuralNetwork-master/Tut-8/NN-FPGA/NN-FPGA.sim/sim_1/behav/xsim/b_1_13.mif'
INFO: [SIM-utils-43] Exported 'E:/MTP2/neuralNetwork-master/Tut-8/NN-FPGA/NN-FPGA.sim/sim_1/behav/xsim/b_1_14.mif'
INFO: [SIM-utils-43] Exported 'E:/MTP2/neuralNetwork-master/Tut-8/NN-FPGA/NN-FPGA.sim/sim_1/behav/xsim/b_1_15.mif'
INFO: [SIM-utils-43] Exported 'E:/MTP2/neuralNetwork-master/Tut-8/NN-FPGA/NN-FPGA.sim/sim_1/behav/xsim/b_1_16.mif'
INFO: [SIM-utils-43] Exported 'E:/MTP2/neuralNetwork-master/Tut-8/NN-FPGA/NN-FPGA.sim/sim_1/behav/xsim/b_1_17.mif'
INFO: [SIM-utils-43] Exported 'E:/MTP2/neuralNetwork-master/Tut-8/NN-FPGA/NN-FPGA.sim/sim_1/behav/xsim/b_1_18.mif'
INFO: [SIM-utils-43] Exported 'E:/MTP2/neuralNetwork-master/Tut-8/NN-FPGA/NN-FPGA.sim/sim_1/behav/xsim/b_1_19.mif'
INFO: [SIM-utils-43] Exported 'E:/MTP2/neuralNetwork-master/Tut-8/NN-FPGA/NN-FPGA.sim/sim_1/behav/xsim/b_1_2.mif'
INFO: [SIM-utils-43] Exported 'E:/MTP2/neuralNetwork-master/Tut-8/NN-FPGA/NN-FPGA.sim/sim_1/behav/xsim/b_1_20.mif'
INFO: [SIM-utils-43] Exported 'E:/MTP2/neuralNetwork-master/Tut-8/NN-FPGA/NN-FPGA.sim/sim_1/behav/xsim/b_1_21.mif'
INFO: [SIM-utils-43] Exported 'E:/MTP2/neuralNetwork-master/Tut-8/NN-FPGA/NN-FPGA.sim/sim_1/behav/xsim/b_1_22.mif'
INFO: [SIM-utils-43] Exported 'E:/MTP2/neuralNetwork-master/Tut-8/NN-FPGA/NN-FPGA.sim/sim_1/behav/xsim/b_1_23.mif'
INFO: [SIM-utils-43] Exported 'E:/MTP2/neuralNetwork-master/Tut-8/NN-FPGA/NN-FPGA.sim/sim_1/behav/xsim/b_1_24.mif'
INFO: [SIM-utils-43] Exported 'E:/MTP2/neuralNetwork-master/Tut-8/NN-FPGA/NN-FPGA.sim/sim_1/behav/xsim/b_1_25.mif'
INFO: [SIM-utils-43] Exported 'E:/MTP2/neuralNetwork-master/Tut-8/NN-FPGA/NN-FPGA.sim/sim_1/behav/xsim/b_1_26.mif'
INFO: [SIM-utils-43] Exported 'E:/MTP2/neuralNetwork-master/Tut-8/NN-FPGA/NN-FPGA.sim/sim_1/behav/xsim/b_1_27.mif'
INFO: [SIM-utils-43] Exported 'E:/MTP2/neuralNetwork-master/Tut-8/NN-FPGA/NN-FPGA.sim/sim_1/behav/xsim/b_1_28.mif'
INFO: [SIM-utils-43] Exported 'E:/MTP2/neuralNetwork-master/Tut-8/NN-FPGA/NN-FPGA.sim/sim_1/behav/xsim/b_1_29.mif'
INFO: [SIM-utils-43] Exported 'E:/MTP2/neuralNetwork-master/Tut-8/NN-FPGA/NN-FPGA.sim/sim_1/behav/xsim/b_1_3.mif'
INFO: [SIM-utils-43] Exported 'E:/MTP2/neuralNetwork-master/Tut-8/NN-FPGA/NN-FPGA.sim/sim_1/behav/xsim/b_1_4.mif'
INFO: [SIM-utils-43] Exported 'E:/MTP2/neuralNetwork-master/Tut-8/NN-FPGA/NN-FPGA.sim/sim_1/behav/xsim/b_1_5.mif'
INFO: [SIM-utils-43] Exported 'E:/MTP2/neuralNetwork-master/Tut-8/NN-FPGA/NN-FPGA.sim/sim_1/behav/xsim/b_1_6.mif'
INFO: [SIM-utils-43] Exported 'E:/MTP2/neuralNetwork-master/Tut-8/NN-FPGA/NN-FPGA.sim/sim_1/behav/xsim/b_1_7.mif'
INFO: [SIM-utils-43] Exported 'E:/MTP2/neuralNetwork-master/Tut-8/NN-FPGA/NN-FPGA.sim/sim_1/behav/xsim/b_1_8.mif'
INFO: [SIM-utils-43] Exported 'E:/MTP2/neuralNetwork-master/Tut-8/NN-FPGA/NN-FPGA.sim/sim_1/behav/xsim/b_1_9.mif'
INFO: [SIM-utils-43] Exported 'E:/MTP2/neuralNetwork-master/Tut-8/NN-FPGA/NN-FPGA.sim/sim_1/behav/xsim/b_2_0.mif'
INFO: [SIM-utils-43] Exported 'E:/MTP2/neuralNetwork-master/Tut-8/NN-FPGA/NN-FPGA.sim/sim_1/behav/xsim/b_2_1.mif'
INFO: [SIM-utils-43] Exported 'E:/MTP2/neuralNetwork-master/Tut-8/NN-FPGA/NN-FPGA.sim/sim_1/behav/xsim/b_2_10.mif'
INFO: [SIM-utils-43] Exported 'E:/MTP2/neuralNetwork-master/Tut-8/NN-FPGA/NN-FPGA.sim/sim_1/behav/xsim/b_2_11.mif'
INFO: [SIM-utils-43] Exported 'E:/MTP2/neuralNetwork-master/Tut-8/NN-FPGA/NN-FPGA.sim/sim_1/behav/xsim/b_2_12.mif'
INFO: [SIM-utils-43] Exported 'E:/MTP2/neuralNetwork-master/Tut-8/NN-FPGA/NN-FPGA.sim/sim_1/behav/xsim/b_2_13.mif'
INFO: [SIM-utils-43] Exported 'E:/MTP2/neuralNetwork-master/Tut-8/NN-FPGA/NN-FPGA.sim/sim_1/behav/xsim/b_2_14.mif'
INFO: [SIM-utils-43] Exported 'E:/MTP2/neuralNetwork-master/Tut-8/NN-FPGA/NN-FPGA.sim/sim_1/behav/xsim/b_2_15.mif'
INFO: [SIM-utils-43] Exported 'E:/MTP2/neuralNetwork-master/Tut-8/NN-FPGA/NN-FPGA.sim/sim_1/behav/xsim/b_2_16.mif'
INFO: [SIM-utils-43] Exported 'E:/MTP2/neuralNetwork-master/Tut-8/NN-FPGA/NN-FPGA.sim/sim_1/behav/xsim/b_2_17.mif'
INFO: [SIM-utils-43] Exported 'E:/MTP2/neuralNetwork-master/Tut-8/NN-FPGA/NN-FPGA.sim/sim_1/behav/xsim/b_2_18.mif'
INFO: [SIM-utils-43] Exported 'E:/MTP2/neuralNetwork-master/Tut-8/NN-FPGA/NN-FPGA.sim/sim_1/behav/xsim/b_2_19.mif'
INFO: [SIM-utils-43] Exported 'E:/MTP2/neuralNetwork-master/Tut-8/NN-FPGA/NN-FPGA.sim/sim_1/behav/xsim/b_2_2.mif'
INFO: [SIM-utils-43] Exported 'E:/MTP2/neuralNetwork-master/Tut-8/NN-FPGA/NN-FPGA.sim/sim_1/behav/xsim/b_2_20.mif'
INFO: [SIM-utils-43] Exported 'E:/MTP2/neuralNetwork-master/Tut-8/NN-FPGA/NN-FPGA.sim/sim_1/behav/xsim/b_2_21.mif'
INFO: [SIM-utils-43] Exported 'E:/MTP2/neuralNetwork-master/Tut-8/NN-FPGA/NN-FPGA.sim/sim_1/behav/xsim/b_2_22.mif'
INFO: [SIM-utils-43] Exported 'E:/MTP2/neuralNetwork-master/Tut-8/NN-FPGA/NN-FPGA.sim/sim_1/behav/xsim/b_2_23.mif'
INFO: [SIM-utils-43] Exported 'E:/MTP2/neuralNetwork-master/Tut-8/NN-FPGA/NN-FPGA.sim/sim_1/behav/xsim/b_2_24.mif'
INFO: [SIM-utils-43] Exported 'E:/MTP2/neuralNetwork-master/Tut-8/NN-FPGA/NN-FPGA.sim/sim_1/behav/xsim/b_2_25.mif'
INFO: [SIM-utils-43] Exported 'E:/MTP2/neuralNetwork-master/Tut-8/NN-FPGA/NN-FPGA.sim/sim_1/behav/xsim/b_2_26.mif'
INFO: [SIM-utils-43] Exported 'E:/MTP2/neuralNetwork-master/Tut-8/NN-FPGA/NN-FPGA.sim/sim_1/behav/xsim/b_2_27.mif'
INFO: [SIM-utils-43] Exported 'E:/MTP2/neuralNetwork-master/Tut-8/NN-FPGA/NN-FPGA.sim/sim_1/behav/xsim/b_2_28.mif'
INFO: [SIM-utils-43] Exported 'E:/MTP2/neuralNetwork-master/Tut-8/NN-FPGA/NN-FPGA.sim/sim_1/behav/xsim/b_2_29.mif'
INFO: [SIM-utils-43] Exported 'E:/MTP2/neuralNetwork-master/Tut-8/NN-FPGA/NN-FPGA.sim/sim_1/behav/xsim/b_2_3.mif'
INFO: [SIM-utils-43] Exported 'E:/MTP2/neuralNetwork-master/Tut-8/NN-FPGA/NN-FPGA.sim/sim_1/behav/xsim/b_2_4.mif'
INFO: [SIM-utils-43] Exported 'E:/MTP2/neuralNetwork-master/Tut-8/NN-FPGA/NN-FPGA.sim/sim_1/behav/xsim/b_2_5.mif'
INFO: [SIM-utils-43] Exported 'E:/MTP2/neuralNetwork-master/Tut-8/NN-FPGA/NN-FPGA.sim/sim_1/behav/xsim/b_2_6.mif'
INFO: [SIM-utils-43] Exported 'E:/MTP2/neuralNetwork-master/Tut-8/NN-FPGA/NN-FPGA.sim/sim_1/behav/xsim/b_2_7.mif'
INFO: [SIM-utils-43] Exported 'E:/MTP2/neuralNetwork-master/Tut-8/NN-FPGA/NN-FPGA.sim/sim_1/behav/xsim/b_2_8.mif'
INFO: [SIM-utils-43] Exported 'E:/MTP2/neuralNetwork-master/Tut-8/NN-FPGA/NN-FPGA.sim/sim_1/behav/xsim/b_2_9.mif'
INFO: [SIM-utils-43] Exported 'E:/MTP2/neuralNetwork-master/Tut-8/NN-FPGA/NN-FPGA.sim/sim_1/behav/xsim/b_3_0.mif'
INFO: [SIM-utils-43] Exported 'E:/MTP2/neuralNetwork-master/Tut-8/NN-FPGA/NN-FPGA.sim/sim_1/behav/xsim/b_3_1.mif'
INFO: [SIM-utils-43] Exported 'E:/MTP2/neuralNetwork-master/Tut-8/NN-FPGA/NN-FPGA.sim/sim_1/behav/xsim/b_3_2.mif'
INFO: [SIM-utils-43] Exported 'E:/MTP2/neuralNetwork-master/Tut-8/NN-FPGA/NN-FPGA.sim/sim_1/behav/xsim/b_3_3.mif'
INFO: [SIM-utils-43] Exported 'E:/MTP2/neuralNetwork-master/Tut-8/NN-FPGA/NN-FPGA.sim/sim_1/behav/xsim/b_3_4.mif'
INFO: [SIM-utils-43] Exported 'E:/MTP2/neuralNetwork-master/Tut-8/NN-FPGA/NN-FPGA.sim/sim_1/behav/xsim/b_3_5.mif'
INFO: [SIM-utils-43] Exported 'E:/MTP2/neuralNetwork-master/Tut-8/NN-FPGA/NN-FPGA.sim/sim_1/behav/xsim/b_3_6.mif'
INFO: [SIM-utils-43] Exported 'E:/MTP2/neuralNetwork-master/Tut-8/NN-FPGA/NN-FPGA.sim/sim_1/behav/xsim/b_3_7.mif'
INFO: [SIM-utils-43] Exported 'E:/MTP2/neuralNetwork-master/Tut-8/NN-FPGA/NN-FPGA.sim/sim_1/behav/xsim/b_3_8.mif'
INFO: [SIM-utils-43] Exported 'E:/MTP2/neuralNetwork-master/Tut-8/NN-FPGA/NN-FPGA.sim/sim_1/behav/xsim/b_3_9.mif'
INFO: [SIM-utils-43] Exported 'E:/MTP2/neuralNetwork-master/Tut-8/NN-FPGA/NN-FPGA.sim/sim_1/behav/xsim/b_4_0.mif'
INFO: [SIM-utils-43] Exported 'E:/MTP2/neuralNetwork-master/Tut-8/NN-FPGA/NN-FPGA.sim/sim_1/behav/xsim/b_4_1.mif'
INFO: [SIM-utils-43] Exported 'E:/MTP2/neuralNetwork-master/Tut-8/NN-FPGA/NN-FPGA.sim/sim_1/behav/xsim/b_4_2.mif'
INFO: [SIM-utils-43] Exported 'E:/MTP2/neuralNetwork-master/Tut-8/NN-FPGA/NN-FPGA.sim/sim_1/behav/xsim/b_4_3.mif'
INFO: [SIM-utils-43] Exported 'E:/MTP2/neuralNetwork-master/Tut-8/NN-FPGA/NN-FPGA.sim/sim_1/behav/xsim/b_4_4.mif'
INFO: [SIM-utils-43] Exported 'E:/MTP2/neuralNetwork-master/Tut-8/NN-FPGA/NN-FPGA.sim/sim_1/behav/xsim/b_4_5.mif'
INFO: [SIM-utils-43] Exported 'E:/MTP2/neuralNetwork-master/Tut-8/NN-FPGA/NN-FPGA.sim/sim_1/behav/xsim/b_4_6.mif'
INFO: [SIM-utils-43] Exported 'E:/MTP2/neuralNetwork-master/Tut-8/NN-FPGA/NN-FPGA.sim/sim_1/behav/xsim/b_4_7.mif'
INFO: [SIM-utils-43] Exported 'E:/MTP2/neuralNetwork-master/Tut-8/NN-FPGA/NN-FPGA.sim/sim_1/behav/xsim/b_4_8.mif'
INFO: [SIM-utils-43] Exported 'E:/MTP2/neuralNetwork-master/Tut-8/NN-FPGA/NN-FPGA.sim/sim_1/behav/xsim/b_4_9.mif'
INFO: [SIM-utils-43] Exported 'E:/MTP2/neuralNetwork-master/Tut-8/NN-FPGA/NN-FPGA.sim/sim_1/behav/xsim/sigContent.mif'
INFO: [SIM-utils-43] Exported 'E:/MTP2/neuralNetwork-master/Tut-8/NN-FPGA/NN-FPGA.sim/sim_1/behav/xsim/w_1_0.mif'
INFO: [SIM-utils-43] Exported 'E:/MTP2/neuralNetwork-master/Tut-8/NN-FPGA/NN-FPGA.sim/sim_1/behav/xsim/w_1_1.mif'
INFO: [SIM-utils-43] Exported 'E:/MTP2/neuralNetwork-master/Tut-8/NN-FPGA/NN-FPGA.sim/sim_1/behav/xsim/w_1_10.mif'
INFO: [SIM-utils-43] Exported 'E:/MTP2/neuralNetwork-master/Tut-8/NN-FPGA/NN-FPGA.sim/sim_1/behav/xsim/w_1_11.mif'
INFO: [SIM-utils-43] Exported 'E:/MTP2/neuralNetwork-master/Tut-8/NN-FPGA/NN-FPGA.sim/sim_1/behav/xsim/w_1_12.mif'
INFO: [SIM-utils-43] Exported 'E:/MTP2/neuralNetwork-master/Tut-8/NN-FPGA/NN-FPGA.sim/sim_1/behav/xsim/w_1_13.mif'
INFO: [SIM-utils-43] Exported 'E:/MTP2/neuralNetwork-master/Tut-8/NN-FPGA/NN-FPGA.sim/sim_1/behav/xsim/w_1_14.mif'
INFO: [SIM-utils-43] Exported 'E:/MTP2/neuralNetwork-master/Tut-8/NN-FPGA/NN-FPGA.sim/sim_1/behav/xsim/w_1_15.mif'
INFO: [SIM-utils-43] Exported 'E:/MTP2/neuralNetwork-master/Tut-8/NN-FPGA/NN-FPGA.sim/sim_1/behav/xsim/w_1_16.mif'
INFO: [SIM-utils-43] Exported 'E:/MTP2/neuralNetwork-master/Tut-8/NN-FPGA/NN-FPGA.sim/sim_1/behav/xsim/w_1_17.mif'
INFO: [SIM-utils-43] Exported 'E:/MTP2/neuralNetwork-master/Tut-8/NN-FPGA/NN-FPGA.sim/sim_1/behav/xsim/w_1_18.mif'
INFO: [SIM-utils-43] Exported 'E:/MTP2/neuralNetwork-master/Tut-8/NN-FPGA/NN-FPGA.sim/sim_1/behav/xsim/w_1_19.mif'
INFO: [SIM-utils-43] Exported 'E:/MTP2/neuralNetwork-master/Tut-8/NN-FPGA/NN-FPGA.sim/sim_1/behav/xsim/w_1_2.mif'
INFO: [SIM-utils-43] Exported 'E:/MTP2/neuralNetwork-master/Tut-8/NN-FPGA/NN-FPGA.sim/sim_1/behav/xsim/w_1_20.mif'
INFO: [SIM-utils-43] Exported 'E:/MTP2/neuralNetwork-master/Tut-8/NN-FPGA/NN-FPGA.sim/sim_1/behav/xsim/w_1_21.mif'
INFO: [SIM-utils-43] Exported 'E:/MTP2/neuralNetwork-master/Tut-8/NN-FPGA/NN-FPGA.sim/sim_1/behav/xsim/w_1_22.mif'
INFO: [SIM-utils-43] Exported 'E:/MTP2/neuralNetwork-master/Tut-8/NN-FPGA/NN-FPGA.sim/sim_1/behav/xsim/w_1_23.mif'
INFO: [SIM-utils-43] Exported 'E:/MTP2/neuralNetwork-master/Tut-8/NN-FPGA/NN-FPGA.sim/sim_1/behav/xsim/w_1_24.mif'
INFO: [Common 17-14] Message 'SIM-utils 43' appears 100 times and further instances of the messages will be disabled. Use the Tcl command set_msg_config to change the current settings.
INFO: [USF-XSim-97] Finding global include files...
INFO: [USF-XSim-98] Fetching design files from 'sim_1'...
INFO: [USF-XSim-2] XSim::Compile design
INFO: [USF-XSim-61] Executing 'COMPILE and ANALYZE' step in 'E:/MTP2/neuralNetwork-master/Tut-8/NN-FPGA/NN-FPGA.sim/sim_1/behav/xsim'
"xvlog --incr --relax -L axi_vip_v1_1_11 -L smartconnect_v1_0 -L processing_system7_vip_v1_0_13 -L xilinx_vip -prj top_sim_vlog.prj"
INFO: [VRFC 10-2263] Analyzing Verilog file "E:/MTP2/neuralNetwork-master/Tut-8/src/fpga/rtl/Layer_1.v" into library xil_defaultlib
INFO: [VRFC 10-311] analyzing module Layer_1
INFO: [VRFC 10-2263] Analyzing Verilog file "E:/MTP2/neuralNetwork-master/Tut-8/src/fpga/rtl/Layer_2.v" into library xil_defaultlib
INFO: [VRFC 10-311] analyzing module Layer_2
INFO: [VRFC 10-2263] Analyzing Verilog file "E:/MTP2/neuralNetwork-master/Tut-8/src/fpga/rtl/Layer_3.v" into library xil_defaultlib
INFO: [VRFC 10-311] analyzing module Layer_3
INFO: [VRFC 10-2263] Analyzing Verilog file "E:/MTP2/neuralNetwork-master/Tut-8/src/fpga/rtl/Layer_4.v" into library xil_defaultlib
INFO: [VRFC 10-311] analyzing module Layer_4
INFO: [VRFC 10-2263] Analyzing Verilog file "E:/MTP2/neuralNetwork-master/Tut-8/src/fpga/rtl/Sig_ROM.v" into library xil_defaultlib
INFO: [VRFC 10-311] analyzing module Sig_ROM
INFO: [VRFC 10-2263] Analyzing Verilog file "E:/MTP2/neuralNetwork-master/Tut-8/src/fpga/rtl/Weight_Memory.v" into library xil_defaultlib
INFO: [VRFC 10-311] analyzing module Weight_Memory
INFO: [VRFC 10-2263] Analyzing Verilog file "E:/MTP2/neuralNetwork-master/Tut-8/src/fpga/rtl/axi_lite_wrapper.v" into library xil_defaultlib
INFO: [VRFC 10-311] analyzing module axi_lite_wrapper
INFO: [VRFC 10-2263] Analyzing Verilog file "E:/MTP2/neuralNetwork-master/Tut-8/src/fpga/rtl/maxFinder.v" into library xil_defaultlib
INFO: [VRFC 10-311] analyzing module maxFinder
INFO: [VRFC 10-2263] Analyzing Verilog file "E:/MTP2/neuralNetwork-master/Tut-8/src/fpga/rtl/neuron.v" into library xil_defaultlib
INFO: [VRFC 10-311] analyzing module neuron
INFO: [VRFC 10-2263] Analyzing Verilog file "E:/MTP2/neuralNetwork-master/Tut-8/src/fpga/rtl/relu.v" into library xil_defaultlib
INFO: [VRFC 10-311] analyzing module ReLU
INFO: [VRFC 10-2263] Analyzing Verilog file "E:/MTP2/neuralNetwork-master/Tut-8/src/fpga/rtl/zynet.v" into library xil_defaultlib
INFO: [VRFC 10-311] analyzing module zyNet
INFO: [VRFC 10-2263] Analyzing Verilog file "E:/MTP2/neuralNetwork-master/Tut-8/src/fpga/tb/top_sim.v" into library xil_defaultlib
INFO: [VRFC 10-311] analyzing module top_sim
INFO: [USF-XSim-69] 'compile' step finished in '1' seconds
INFO: [USF-XSim-3] XSim::Elaborate design
INFO: [USF-XSim-61] Executing 'ELABORATE' step in 'E:/MTP2/neuralNetwork-master/Tut-8/NN-FPGA/NN-FPGA.sim/sim_1/behav/xsim'
"xelab --incr --debug typical --relax --mt 2 -L xil_defaultlib -L xilinx_vip -L unisims_ver -L unimacro_ver -L secureip -L xpm --snapshot top_sim_behav xil_defaultlib.top_sim xil_defaultlib.glbl -log elaborate.log"
Vivado Simulator v2021.2
Copyright 1986-1999, 2001-2021 Xilinx, Inc. All Rights Reserved.
Running: E:/Xilinx/Vivado/2021.2/bin/unwrapped/win64.o/xelab.exe --incr --debug typical --relax --mt 2 -L xil_defaultlib -L xilinx_vip -L unisims_ver -L unimacro_ver -L secureip -L xpm --snapshot top_sim_behav xil_defaultlib.top_sim xil_defaultlib.glbl -log elaborate.log 
Using 2 slave threads.
Starting static elaboration
Pass Through NonSizing Optimizer
WARNING: [VRFC 10-3091] actual bit length 32 differs from formal bit length 5 for port 's_axi_awaddr' [E:/MTP2/neuralNetwork-master/Tut-8/src/fpga/tb/top_sim.v:73]
WARNING: [VRFC 10-3091] actual bit length 32 differs from formal bit length 3 for port 's_axi_awprot' [E:/MTP2/neuralNetwork-master/Tut-8/src/fpga/tb/top_sim.v:74]
WARNING: [VRFC 10-3091] actual bit length 32 differs from formal bit length 5 for port 's_axi_araddr' [E:/MTP2/neuralNetwork-master/Tut-8/src/fpga/tb/top_sim.v:84]
WARNING: [VRFC 10-3091] actual bit length 32 differs from formal bit length 3 for port 's_axi_arprot' [E:/MTP2/neuralNetwork-master/Tut-8/src/fpga/tb/top_sim.v:85]
WARNING: [VRFC 10-3091] actual bit length 11 differs from formal bit length 10 for port 'radd' [E:/MTP2/neuralNetwork-master/Tut-8/src/fpga/rtl/neuron.v:172]
WARNING: [VRFC 10-3091] actual bit length 10 differs from formal bit length 1 for port 'i_valid' [E:/MTP2/neuralNetwork-master/Tut-8/src/fpga/rtl/zynet.v:378]
Completed static elaboration
Starting simulation data flow analysis
WARNING: [XSIM 43-4099] "E:/MTP2/neuralNetwork-master/Tut-8/src/fpga/rtl/Layer_1.v" Line 1. Module Layer_1(actType="sigmoid") doesn't have a timescale but at least one module in design has a timescale.
WARNING: [XSIM 43-4099] "E:/MTP2/neuralNetwork-master/Tut-8/src/fpga/rtl/Layer_2.v" Line 1. Module Layer_2(numWeight=30,layerNum=2,actType="sigmoid") doesn't have a timescale but at least one module in design has a timescale.
WARNING: [XSIM 43-4099] "E:/MTP2/neuralNetwork-master/Tut-8/src/fpga/rtl/Layer_3.v" Line 1. Module Layer_3(NN=10,numWeight=30,layerNum=3,actType="sigmoid") doesn't have a timescale but at least one module in design has a timescale.
WARNING: [XSIM 43-4099] "E:/MTP2/neuralNetwork-master/Tut-8/src/fpga/rtl/Layer_4.v" Line 1. Module Layer_4(NN=10,numWeight=10,layerNum=4,actType="sigmoid") doesn't have a timescale but at least one module in design has a timescale.
WARNING: [XSIM 43-4099] "E:/MTP2/neuralNetwork-master/Tut-8/src/fpga/rtl/Layer_1.v" Line 1. Module Layer_1(actType="sigmoid") doesn't have a timescale but at least one module in design has a timescale.
WARNING: [XSIM 43-4099] "E:/MTP2/neuralNetwork-master/Tut-8/src/fpga/rtl/Layer_2.v" Line 1. Module Layer_2(numWeight=30,layerNum=2,actType="sigmoid") doesn't have a timescale but at least one module in design has a timescale.
WARNING: [XSIM 43-4099] "E:/MTP2/neuralNetwork-master/Tut-8/src/fpga/rtl/Layer_3.v" Line 1. Module Layer_3(NN=10,numWeight=30,layerNum=3,actType="sigmoid") doesn't have a timescale but at least one module in design has a timescale.
WARNING: [XSIM 43-4099] "E:/MTP2/neuralNetwork-master/Tut-8/src/fpga/rtl/Layer_4.v" Line 1. Module Layer_4(NN=10,numWeight=10,layerNum=4,actType="sigmoid") doesn't have a timescale but at least one module in design has a timescale.
Completed simulation data flow analysis
Time Resolution for simulation is 1ps
Compiling module xil_defaultlib.axi_lite_wrapper_default
Compiling module xil_defaultlib.Weight_Memory(numWeight=784,neur...
Compiling module xil_defaultlib.Sig_ROM
Compiling module xil_defaultlib.neuron(layerNo=1,sigmoidSize=10,...
Compiling module xil_defaultlib.Weight_Memory(numWeight=784,neur...
Compiling module xil_defaultlib.neuron(layerNo=1,neuronNo=1,sigm...
Compiling module xil_defaultlib.Weight_Memory(numWeight=784,neur...
Compiling module xil_defaultlib.neuron(layerNo=1,neuronNo=2,sigm...
Compiling module xil_defaultlib.Weight_Memory(numWeight=784,neur...
Compiling module xil_defaultlib.neuron(layerNo=1,neuronNo=3,sigm...
Compiling module xil_defaultlib.Weight_Memory(numWeight=784,neur...
Compiling module xil_defaultlib.neuron(layerNo=1,neuronNo=4,sigm...
Compiling module xil_defaultlib.Weight_Memory(numWeight=784,weig...
Compiling module xil_defaultlib.neuron(layerNo=1,neuronNo=5,sigm...
Compiling module xil_defaultlib.Weight_Memory(numWeight=784,neur...
Compiling module xil_defaultlib.neuron(layerNo=1,neuronNo=6,sigm...
Compiling module xil_defaultlib.Weight_Memory(numWeight=784,neur...
Compiling module xil_defaultlib.neuron(layerNo=1,neuronNo=7,sigm...
Compiling module xil_defaultlib.Weight_Memory(numWeight=784,neur...
Compiling module xil_defaultlib.neuron(layerNo=1,neuronNo=8,sigm...
Compiling module xil_defaultlib.Weight_Memory(numWeight=784,neur...
Compiling module xil_defaultlib.neuron(layerNo=1,neuronNo=9,sigm...
Compiling module xil_defaultlib.Weight_Memory(numWeight=784,neur...
Compiling module xil_defaultlib.neuron(layerNo=1,neuronNo=10,sig...
Compiling module xil_defaultlib.Weight_Memory(numWeight=784,neur...
Compiling module xil_defaultlib.neuron(layerNo=1,neuronNo=11,sig...
Compiling module xil_defaultlib.Weight_Memory(numWeight=784,neur...
Compiling module xil_defaultlib.neuron(layerNo=1,neuronNo=12,sig...
Compiling module xil_defaultlib.Weight_Memory(numWeight=784,neur...
Compiling module xil_defaultlib.neuron(layerNo=1,neuronNo=13,sig...
Compiling module xil_defaultlib.Weight_Memory(numWeight=784,neur...
Compiling module xil_defaultlib.neuron(layerNo=1,neuronNo=14,sig...
Compiling module xil_defaultlib.Weight_Memory(numWeight=784,neur...
Compiling module xil_defaultlib.neuron(layerNo=1,neuronNo=15,sig...
Compiling module xil_defaultlib.Weight_Memory(numWeight=784,neur...
Compiling module xil_defaultlib.neuron(layerNo=1,neuronNo=16,sig...
Compiling module xil_defaultlib.Weight_Memory(numWeight=784,neur...
Compiling module xil_defaultlib.neuron(layerNo=1,neuronNo=17,sig...
Compiling module xil_defaultlib.Weight_Memory(numWeight=784,neur...
Compiling module xil_defaultlib.neuron(layerNo=1,neuronNo=18,sig...
Compiling module xil_defaultlib.Weight_Memory(numWeight=784,neur...
Compiling module xil_defaultlib.neuron(layerNo=1,neuronNo=19,sig...
Compiling module xil_defaultlib.Weight_Memory(numWeight=784,neur...
Compiling module xil_defaultlib.neuron(layerNo=1,neuronNo=20,sig...
Compiling module xil_defaultlib.Weight_Memory(numWeight=784,neur...
Compiling module xil_defaultlib.neuron(layerNo=1,neuronNo=21,sig...
Compiling module xil_defaultlib.Weight_Memory(numWeight=784,neur...
Compiling module xil_defaultlib.neuron(layerNo=1,neuronNo=22,sig...
Compiling module xil_defaultlib.Weight_Memory(numWeight=784,neur...
Compiling module xil_defaultlib.neuron(layerNo=1,neuronNo=23,sig...
Compiling module xil_defaultlib.Weight_Memory(numWeight=784,neur...
Compiling module xil_defaultlib.neuron(layerNo=1,neuronNo=24,sig...
Compiling module xil_defaultlib.Weight_Memory(numWeight=784,neur...
Compiling module xil_defaultlib.neuron(layerNo=1,neuronNo=25,sig...
Compiling module xil_defaultlib.Weight_Memory(numWeight=784,neur...
Compiling module xil_defaultlib.neuron(layerNo=1,neuronNo=26,sig...
Compiling module xil_defaultlib.Weight_Memory(numWeight=784,neur...
Compiling module xil_defaultlib.neuron(layerNo=1,neuronNo=27,sig...
Compiling module xil_defaultlib.Weight_Memory(numWeight=784,neur...
Compiling module xil_defaultlib.neuron(layerNo=1,neuronNo=28,sig...
Compiling module xil_defaultlib.Weight_Memory(numWeight=784,neur...
Compiling module xil_defaultlib.neuron(layerNo=1,neuronNo=29,sig...
Compiling module xil_defaultlib.Layer_1(actType="sigmoid")
Compiling module xil_defaultlib.Weight_Memory(numWeight=30,neuro...
Compiling module xil_defaultlib.neuron(layerNo=2,numWeight=30,si...
Compiling module xil_defaultlib.Weight_Memory(numWeight=30,neuro...
Compiling module xil_defaultlib.neuron(layerNo=2,neuronNo=1,numW...
Compiling module xil_defaultlib.Weight_Memory(numWeight=30,neuro...
Compiling module xil_defaultlib.neuron(layerNo=2,neuronNo=2,numW...
Compiling module xil_defaultlib.Weight_Memory(numWeight=30,neuro...
Compiling module xil_defaultlib.neuron(layerNo=2,neuronNo=3,numW...
Compiling module xil_defaultlib.Weight_Memory(numWeight=30,neuro...
Compiling module xil_defaultlib.neuron(layerNo=2,neuronNo=4,numW...
Compiling module xil_defaultlib.Weight_Memory(numWeight=30,layer...
Compiling module xil_defaultlib.neuron(layerNo=2,neuronNo=5,numW...
Compiling module xil_defaultlib.Weight_Memory(numWeight=30,neuro...
Compiling module xil_defaultlib.neuron(layerNo=2,neuronNo=6,numW...
Compiling module xil_defaultlib.Weight_Memory(numWeight=30,neuro...
Compiling module xil_defaultlib.neuron(layerNo=2,neuronNo=7,numW...
Compiling module xil_defaultlib.Weight_Memory(numWeight=30,neuro...
Compiling module xil_defaultlib.neuron(layerNo=2,neuronNo=8,numW...
Compiling module xil_defaultlib.Weight_Memory(numWeight=30,neuro...
Compiling module xil_defaultlib.neuron(layerNo=2,neuronNo=9,numW...
Compiling module xil_defaultlib.Weight_Memory(numWeight=30,neuro...
Compiling module xil_defaultlib.neuron(layerNo=2,neuronNo=10,num...
Compiling module xil_defaultlib.Weight_Memory(numWeight=30,neuro...
Compiling module xil_defaultlib.neuron(layerNo=2,neuronNo=11,num...
Compiling module xil_defaultlib.Weight_Memory(numWeight=30,neuro...
Compiling module xil_defaultlib.neuron(layerNo=2,neuronNo=12,num...
Compiling module xil_defaultlib.Weight_Memory(numWeight=30,neuro...
Compiling module xil_defaultlib.neuron(layerNo=2,neuronNo=13,num...
Compiling module xil_defaultlib.Weight_Memory(numWeight=30,neuro...
Compiling module xil_defaultlib.neuron(layerNo=2,neuronNo=14,num...
Compiling module xil_defaultlib.Weight_Memory(numWeight=30,neuro...
Compiling module xil_defaultlib.neuron(layerNo=2,neuronNo=15,num...
Compiling module xil_defaultlib.Weight_Memory(numWeight=30,neuro...
Compiling module xil_defaultlib.neuron(layerNo=2,neuronNo=16,num...
Compiling module xil_defaultlib.Weight_Memory(numWeight=30,neuro...
Compiling module xil_defaultlib.neuron(layerNo=2,neuronNo=17,num...
Compiling module xil_defaultlib.Weight_Memory(numWeight=30,neuro...
Compiling module xil_defaultlib.neuron(layerNo=2,neuronNo=18,num...
Compiling module xil_defaultlib.Weight_Memory(numWeight=30,neuro...
Compiling module xil_defaultlib.neuron(layerNo=2,neuronNo=19,num...
Compiling module xil_defaultlib.Weight_Memory(numWeight=30,neuro...
Compiling module xil_defaultlib.neuron(layerNo=2,neuronNo=20,num...
Compiling module xil_defaultlib.Weight_Memory(numWeight=30,neuro...
Compiling module xil_defaultlib.neuron(layerNo=2,neuronNo=21,num...
Compiling module xil_defaultlib.Weight_Memory(numWeight=30,neuro...
Compiling module xil_defaultlib.neuron(layerNo=2,neuronNo=22,num...
Compiling module xil_defaultlib.Weight_Memory(numWeight=30,neuro...
Compiling module xil_defaultlib.neuron(layerNo=2,neuronNo=23,num...
Compiling module xil_defaultlib.Weight_Memory(numWeight=30,neuro...
Compiling module xil_defaultlib.neuron(layerNo=2,neuronNo=24,num...
Compiling module xil_defaultlib.Weight_Memory(numWeight=30,neuro...
Compiling module xil_defaultlib.neuron(layerNo=2,neuronNo=25,num...
Compiling module xil_defaultlib.Weight_Memory(numWeight=30,neuro...
Compiling module xil_defaultlib.neuron(layerNo=2,neuronNo=26,num...
Compiling module xil_defaultlib.Weight_Memory(numWeight=30,neuro...
Compiling module xil_defaultlib.neuron(layerNo=2,neuronNo=27,num...
Compiling module xil_defaultlib.Weight_Memory(numWeight=30,neuro...
Compiling module xil_defaultlib.neuron(layerNo=2,neuronNo=28,num...
Compiling module xil_defaultlib.Weight_Memory(numWeight=30,neuro...
Compiling module xil_defaultlib.neuron(layerNo=2,neuronNo=29,num...
Compiling module xil_defaultlib.Layer_2(numWeight=30,layerNum=2,...
Compiling module xil_defaultlib.Weight_Memory(numWeight=30,neuro...
Compiling module xil_defaultlib.neuron(layerNo=3,numWeight=30,si...
Compiling module xil_defaultlib.Weight_Memory(numWeight=30,neuro...
Compiling module xil_defaultlib.neuron(layerNo=3,neuronNo=1,numW...
Compiling module xil_defaultlib.Weight_Memory(numWeight=30,neuro...
Compiling module xil_defaultlib.neuron(layerNo=3,neuronNo=2,numW...
Compiling module xil_defaultlib.Weight_Memory(numWeight=30,neuro...
Compiling module xil_defaultlib.neuron(layerNo=3,neuronNo=3,numW...
Compiling module xil_defaultlib.Weight_Memory(numWeight=30,neuro...
Compiling module xil_defaultlib.neuron(layerNo=3,neuronNo=4,numW...
Compiling module xil_defaultlib.Weight_Memory(numWeight=30,layer...
Compiling module xil_defaultlib.neuron(layerNo=3,neuronNo=5,numW...
Compiling module xil_defaultlib.Weight_Memory(numWeight=30,neuro...
Compiling module xil_defaultlib.neuron(layerNo=3,neuronNo=6,numW...
Compiling module xil_defaultlib.Weight_Memory(numWeight=30,neuro...
Compiling module xil_defaultlib.neuron(layerNo=3,neuronNo=7,numW...
Compiling module xil_defaultlib.Weight_Memory(numWeight=30,neuro...
Compiling module xil_defaultlib.neuron(layerNo=3,neuronNo=8,numW...
Compiling module xil_defaultlib.Weight_Memory(numWeight=30,neuro...
Compiling module xil_defaultlib.neuron(layerNo=3,neuronNo=9,numW...
Compiling module xil_defaultlib.Layer_3(NN=10,numWeight=30,layer...
Compiling module xil_defaultlib.Weight_Memory(numWeight=10,neuro...
Compiling module xil_defaultlib.neuron(layerNo=4,numWeight=10,si...
Compiling module xil_defaultlib.Weight_Memory(numWeight=10,neuro...
Compiling module xil_defaultlib.neuron(layerNo=4,neuronNo=1,numW...
Compiling module xil_defaultlib.Weight_Memory(numWeight=10,neuro...
Compiling module xil_defaultlib.neuron(layerNo=4,neuronNo=2,numW...
Compiling module xil_defaultlib.Weight_Memory(numWeight=10,neuro...
Compiling module xil_defaultlib.neuron(layerNo=4,neuronNo=3,numW...
Compiling module xil_defaultlib.Weight_Memory(numWeight=10,neuro...
Compiling module xil_defaultlib.neuron(layerNo=4,neuronNo=4,numW...
Compiling module xil_defaultlib.Weight_Memory(numWeight=10,layer...
Compiling module xil_defaultlib.neuron(layerNo=4,neuronNo=5,numW...
Compiling module xil_defaultlib.Weight_Memory(numWeight=10,neuro...
Compiling module xil_defaultlib.neuron(layerNo=4,neuronNo=6,numW...
Compiling module xil_defaultlib.Weight_Memory(numWeight=10,neuro...
Compiling module xil_defaultlib.neuron(layerNo=4,neuronNo=7,numW...
Compiling module xil_defaultlib.Weight_Memory(numWeight=10,neuro...
Compiling module xil_defaultlib.neuron(layerNo=4,neuronNo=8,numW...
Compiling module xil_defaultlib.Weight_Memory(numWeight=10,neuro...
Compiling module xil_defaultlib.neuron(layerNo=4,neuronNo=9,numW...
Compiling module xil_defaultlib.Layer_4(NN=10,numWeight=10,layer...
Compiling module xil_defaultlib.maxFinder
Compiling module xil_defaultlib.zyNet
Compiling module xil_defaultlib.top_sim
Compiling module xil_defaultlib.glbl
Built simulation snapshot top_sim_behav
run_program: Time (s): cpu = 00:00:00 ; elapsed = 00:00:12 . Memory (MB): peak = 1567.098 ; gain = 0.000
INFO: [USF-XSim-69] 'elaborate' step finished in '12' seconds
INFO: [USF-XSim-4] XSim::Simulate design
INFO: [USF-XSim-61] Executing 'SIMULATE' step in 'E:/MTP2/neuralNetwork-master/Tut-8/NN-FPGA/NN-FPGA.sim/sim_1/behav/xsim'
INFO: [USF-XSim-98] *** Running xsim
   with args "top_sim_behav -key {Behavioral:sim_1:Functional:top_sim} -tclbatch {top_sim.tcl} -protoinst "protoinst_files/bd_398e.protoinst" -protoinst "protoinst_files/myBlock.protoinst" -log {simulate.log}"
INFO: [USF-XSim-8] Loading simulator feature
INFO: [Wavedata 42-565] Reading protoinst file protoinst_files/bd_398e.protoinst
WARNING: [Wavedata 42-558] Couldn't load one or more protocol instances from protoinst file protoinst_files/bd_398e.protoinst for the following reason(s):
There are no instances of module "bd_398e" in the design.

INFO: [Wavedata 42-565] Reading protoinst file protoinst_files/myBlock.protoinst
WARNING: [Wavedata 42-558] Couldn't load one or more protocol instances from protoinst file protoinst_files/myBlock.protoinst for the following reason(s):
There are no instances of module "myBlock" in the design.

Time resolution is 1 ps
source top_sim.tcl
# set curr_wave [current_wave_config]
# if { [string length $curr_wave] == 0 } {
#   if { [llength [get_objects]] > 0} {
#     add_wave /
#     set_property needs_save false [current_wave_config]
#   } else {
#      send_msg_id Add_Wave-1 WARNING "No top level signals found. Simulator will start without a wave window. If you want to open a wave window go to 'File->New Waveform Configuration' or type 'create_wave_config' in the TCL console."
#   }
# }
# run 1000ns
Configuration completed                      0 ns
INFO: [USF-XSim-96] XSim completed. Design snapshot 'top_sim_behav' loaded.
INFO: [USF-XSim-97] XSim simulation ran for 1000ns
launch_simulation: Time (s): cpu = 00:00:04 ; elapsed = 00:00:18 . Memory (MB): peak = 1567.098 ; gain = 0.000
run all
1. Accuracy: 100.000000, Detected number: 7, Expected: 0007
2. Accuracy: 100.000000, Detected number: 2, Expected: 0002
3. Accuracy: 100.000000, Detected number: 1, Expected: 0001
4. Accuracy: 100.000000, Detected number: 0, Expected: 0000
5. Accuracy: 100.000000, Detected number: 4, Expected: 0004
6. Accuracy: 100.000000, Detected number: 1, Expected: 0001
7. Accuracy: 100.000000, Detected number: 4, Expected: 0004
8. Accuracy: 100.000000, Detected number: 9, Expected: 0009
9. Accuracy: 88.888889, Detected number: 6, Expected: 0005
10. Accuracy: 90.000000, Detected number: 9, Expected: 0009
11. Accuracy: 90.909091, Detected number: 0, Expected: 0000
12. Accuracy: 91.666667, Detected number: 6, Expected: 0006
13. Accuracy: 92.307692, Detected number: 9, Expected: 0009
14. Accuracy: 92.857143, Detected number: 0, Expected: 0000
15. Accuracy: 93.333333, Detected number: 1, Expected: 0001
16. Accuracy: 93.750000, Detected number: 5, Expected: 0005
17. Accuracy: 94.117647, Detected number: 9, Expected: 0009
18. Accuracy: 94.444444, Detected number: 7, Expected: 0007
19. Accuracy: 89.473684, Detected number: 8, Expected: 0003
20. Accuracy: 90.000000, Detected number: 4, Expected: 0004
21. Accuracy: 90.476190, Detected number: 9, Expected: 0009
22. Accuracy: 90.909091, Detected number: 6, Expected: 0006
23. Accuracy: 91.304348, Detected number: 6, Expected: 0006
24. Accuracy: 91.666667, Detected number: 5, Expected: 0005
25. Accuracy: 92.000000, Detected number: 4, Expected: 0004
26. Accuracy: 92.307692, Detected number: 0, Expected: 0000
27. Accuracy: 92.592593, Detected number: 7, Expected: 0007
28. Accuracy: 92.857143, Detected number: 4, Expected: 0004
29. Accuracy: 93.103448, Detected number: 0, Expected: 0000
30. Accuracy: 93.333333, Detected number: 1, Expected: 0001
31. Accuracy: 93.548387, Detected number: 3, Expected: 0003
32. Accuracy: 93.750000, Detected number: 1, Expected: 0001
33. Accuracy: 93.939394, Detected number: 3, Expected: 0003
34. Accuracy: 91.176471, Detected number: 6, Expected: 0004
35. Accuracy: 91.428571, Detected number: 7, Expected: 0007
36. Accuracy: 91.666667, Detected number: 2, Expected: 0002
37. Accuracy: 91.891892, Detected number: 7, Expected: 0007
38. Accuracy: 92.105263, Detected number: 1, Expected: 0001
39. Accuracy: 89.743590, Detected number: 3, Expected: 0002
40. Accuracy: 90.000000, Detected number: 1, Expected: 0001
41. Accuracy: 90.243902, Detected number: 1, Expected: 0001
42. Accuracy: 90.476190, Detected number: 7, Expected: 0007
43. Accuracy: 90.697674, Detected number: 4, Expected: 0004
44. Accuracy: 90.909091, Detected number: 2, Expected: 0002
45. Accuracy: 91.111111, Detected number: 3, Expected: 0003
46. Accuracy: 91.304348, Detected number: 5, Expected: 0005
47. Accuracy: 91.489362, Detected number: 1, Expected: 0001
48. Accuracy: 91.666667, Detected number: 2, Expected: 0002
49. Accuracy: 91.836735, Detected number: 4, Expected: 0004
50. Accuracy: 92.000000, Detected number: 4, Expected: 0004
51. Accuracy: 92.156863, Detected number: 6, Expected: 0006
52. Accuracy: 90.384615, Detected number: 7, Expected: 0003
53. Accuracy: 90.566038, Detected number: 5, Expected: 0005
54. Accuracy: 90.740741, Detected number: 5, Expected: 0005
55. Accuracy: 90.909091, Detected number: 6, Expected: 0006
56. Accuracy: 91.071429, Detected number: 0, Expected: 0000
57. Accuracy: 91.228070, Detected number: 4, Expected: 0004
58. Accuracy: 91.379310, Detected number: 1, Expected: 0001
59. Accuracy: 91.525424, Detected number: 9, Expected: 0009
60. Accuracy: 91.666667, Detected number: 5, Expected: 0005
61. Accuracy: 91.803279, Detected number: 7, Expected: 0007
62. Accuracy: 91.935484, Detected number: 8, Expected: 0008
63. Accuracy: 92.063492, Detected number: 9, Expected: 0009
64. Accuracy: 92.187500, Detected number: 3, Expected: 0003
65. Accuracy: 92.307692, Detected number: 7, Expected: 0007
66. Accuracy: 92.424242, Detected number: 4, Expected: 0004
67. Accuracy: 92.537313, Detected number: 6, Expected: 0006
68. Accuracy: 92.647059, Detected number: 4, Expected: 0004
69. Accuracy: 92.753623, Detected number: 3, Expected: 0003
70. Accuracy: 92.857143, Detected number: 0, Expected: 0000
71. Accuracy: 92.957746, Detected number: 7, Expected: 0007
72. Accuracy: 93.055556, Detected number: 0, Expected: 0000
73. Accuracy: 93.150685, Detected number: 2, Expected: 0002
74. Accuracy: 93.243243, Detected number: 9, Expected: 0009
75. Accuracy: 93.333333, Detected number: 1, Expected: 0001
76. Accuracy: 93.421053, Detected number: 7, Expected: 0007
77. Accuracy: 93.506494, Detected number: 3, Expected: 0003
78. Accuracy: 93.589744, Detected number: 2, Expected: 0002
79. Accuracy: 93.670886, Detected number: 9, Expected: 0009
80. Accuracy: 93.750000, Detected number: 7, Expected: 0007
81. Accuracy: 93.827160, Detected number: 7, Expected: 0007
82. Accuracy: 93.902439, Detected number: 6, Expected: 0006
83. Accuracy: 93.975904, Detected number: 2, Expected: 0002
84. Accuracy: 94.047619, Detected number: 7, Expected: 0007
85. Accuracy: 94.117647, Detected number: 8, Expected: 0008
86. Accuracy: 94.186047, Detected number: 4, Expected: 0004
87. Accuracy: 94.252874, Detected number: 7, Expected: 0007
88. Accuracy: 94.318182, Detected number: 3, Expected: 0003
89. Accuracy: 94.382022, Detected number: 6, Expected: 0006
90. Accuracy: 94.444444, Detected number: 1, Expected: 0001
91. Accuracy: 94.505495, Detected number: 3, Expected: 0003
92. Accuracy: 94.565217, Detected number: 6, Expected: 0006
93. Accuracy: 94.623656, Detected number: 9, Expected: 0009
94. Accuracy: 94.680851, Detected number: 3, Expected: 0003
95. Accuracy: 94.736842, Detected number: 1, Expected: 0001
96. Accuracy: 94.791667, Detected number: 4, Expected: 0004
97. Accuracy: 94.845361, Detected number: 1, Expected: 0001
98. Accuracy: 94.897959, Detected number: 7, Expected: 0007
99. Accuracy: 94.949495, Detected number: 6, Expected: 0006
100. Accuracy: 95.000000, Detected number: 9, Expected: 0009
Accuracy: 95.000000
$stop called at time : 900235 ns : File "E:/MTP2/neuralNetwork-master/Tut-8/src/fpga/tb/top_sim.v" Line 358
run: Time (s): cpu = 00:00:03 ; elapsed = 00:00:11 . Memory (MB): peak = 1567.098 ; gain = 0.000
set_property needs_refresh false [get_runs synth_1]
set_property needs_refresh false [get_runs impl_1]
set_property needs_refresh false [get_runs myBlock_rst_ps7_0_100M_0_synth_1]
set_property needs_refresh false [get_runs myBlock_zyNet_0_0_synth_1]
set_property needs_refresh false [get_runs myBlock_axi_dma_0_0_synth_1]
set_property needs_refresh false [get_runs myBlock_axi_smc_0_synth_1]
set_property needs_refresh false [get_runs myBlock_processing_system7_0_0_synth_1]
set_property needs_refresh false [get_runs myBlock_xbar_0_synth_1]
set_property needs_refresh false [get_runs myBlock_auto_pc_0_synth_1]
close_sim
INFO: xsimkernel Simulation Memory Usage: 18700 KB (Peak: 18700 KB), Simulation CPU Usage: 10577 ms
INFO: [Simtcl 6-16] Simulation closed
exit
INFO: [Common 17-206] Exiting Vivado at Sun Apr 24 16:07:05 2022...
