#-----------------------------------------------------------
# Vivado v2021.2 (64-bit)
# SW Build 3367213 on Tue Oct 19 02:48:09 MDT 2021
# IP Build 3369179 on Thu Oct 21 08:25:16 MDT 2021
# Start of session at: Sun Apr 24 16:08:11 2022
# Process ID: 27612
# Current directory: E:/MTP2/NN-FPGA
# Command line: vivado.exe -gui_launcher_event rodinguilauncherevent20752 E:\MTP2\NN-FPGA\NN-FPGA.xpr
# Log file: E:/MTP2/NN-FPGA/vivado.log
# Journal file: E:/MTP2/NN-FPGA\vivado.jou
# Running On: DESKTOP-0EKQBCJ, OS: Windows, CPU Frequency: 3693 MHz, CPU Physical cores: 12, Host memory: 17102 MB
#-----------------------------------------------------------
start_gui
open_project E:/MTP2/NN-FPGA/NN-FPGA.xpr
WARNING: [Board 49-26] cannot add Board Part xilinx.com:ac701:part0:1.4 available at E:/Xilinx/Vivado/2021.2/data/xhub/boards/XilinxBoardStore/boards/Xilinx/ac701/1.4/board.xml as part xc7a200tfbg676-2 specified in board_part file is either invalid or not available
WARNING: [Board 49-26] cannot add Board Part xilinx.com:kc705:part0:1.6 available at E:/Xilinx/Vivado/2021.2/data/xhub/boards/XilinxBoardStore/boards/Xilinx/kc705/1.6/board.xml as part xc7k325tffg900-2 specified in board_part file is either invalid or not available
WARNING: [Board 49-26] cannot add Board Part xilinx.com:kcu105:part0:1.6 available at E:/Xilinx/Vivado/2021.2/data/xhub/boards/XilinxBoardStore/boards/Xilinx/kcu105/1.6/board.xml as part xcku040-ffva1156-2-e specified in board_part file is either invalid or not available
WARNING: [Board 49-26] cannot add Board Part xilinx.com:kcu105:part0:1.7 available at E:/Xilinx/Vivado/2021.2/data/xhub/boards/XilinxBoardStore/boards/Xilinx/kcu105/1.7/board.xml as part xcku040-ffva1156-2-e specified in board_part file is either invalid or not available
WARNING: [Board 49-26] cannot add Board Part xilinx.com:kcu116:part0:1.4 available at E:/Xilinx/Vivado/2021.2/data/xhub/boards/XilinxBoardStore/boards/Xilinx/kcu116/1.4/board.xml as part xcku5p-ffvb676-2-e specified in board_part file is either invalid or not available
WARNING: [Board 49-26] cannot add Board Part xilinx.com:kcu116:part0:1.5 available at E:/Xilinx/Vivado/2021.2/data/xhub/boards/XilinxBoardStore/boards/Xilinx/kcu116/1.5/board.xml as part xcku5p-ffvb676-2-e specified in board_part file is either invalid or not available
WARNING: [Board 49-26] cannot add Board Part xilinx.com:kcu1500:part0:1.2 available at E:/Xilinx/Vivado/2021.2/data/xhub/boards/XilinxBoardStore/boards/Xilinx/kcu1500/1.2/board.xml as part xcku115-flvb2104-2-e specified in board_part file is either invalid or not available
WARNING: [Board 49-26] cannot add Board Part xilinx.com:sp701:part0:1.0 available at E:/Xilinx/Vivado/2021.2/data/xhub/boards/XilinxBoardStore/boards/Xilinx/sp701/1.0/board.xml as part xc7s100fgga676-2 specified in board_part file is either invalid or not available
WARNING: [Board 49-26] cannot add Board Part xilinx.com:sp701:part0:1.1 available at E:/Xilinx/Vivado/2021.2/data/xhub/boards/XilinxBoardStore/boards/Xilinx/sp701/1.1/board.xml as part xc7s100fgga676-2 specified in board_part file is either invalid or not available
WARNING: [Board 49-26] cannot add Board Part xilinx.com:vc707:part0:1.4 available at E:/Xilinx/Vivado/2021.2/data/xhub/boards/XilinxBoardStore/boards/Xilinx/vc707/1.4/board.xml as part xc7vx485tffg1761-2 specified in board_part file is either invalid or not available
WARNING: [Board 49-26] cannot add Board Part xilinx.com:vc709:part0:1.8 available at E:/Xilinx/Vivado/2021.2/data/xhub/boards/XilinxBoardStore/boards/Xilinx/vc709/1.8/board.xml as part xc7vx690tffg1761-2 specified in board_part file is either invalid or not available
WARNING: [Board 49-26] cannot add Board Part xilinx.com:vck190:part0:2.2 available at E:/Xilinx/Vivado/2021.2/data/xhub/boards/XilinxBoardStore/boards/Xilinx/vck190/production/2.2/board.xml as part xcvc1902-vsva2197-2mp-e-s specified in board_part file is either invalid or not available
WARNING: [Board 49-26] cannot add Board Part xilinx.com:vck190_es:part0:1.3 available at E:/Xilinx/Vivado/2021.2/data/xhub/boards/XilinxBoardStore/boards/Xilinx/vck190/es/1.3/board.xml as part xcvc1902-vsva2197-2mp-e-s-es1 specified in board_part file is either invalid or not available
WARNING: [Board 49-26] cannot add Board Part xilinx.com:vcu108:part0:1.6 available at E:/Xilinx/Vivado/2021.2/data/xhub/boards/XilinxBoardStore/boards/Xilinx/vcu108/1.6/board.xml as part xcvu095-ffva2104-2-e specified in board_part file is either invalid or not available
WARNING: [Board 49-26] cannot add Board Part xilinx.com:vcu108:part0:1.7 available at E:/Xilinx/Vivado/2021.2/data/xhub/boards/XilinxBoardStore/boards/Xilinx/vcu108/1.7/board.xml as part xcvu095-ffva2104-2-e specified in board_part file is either invalid or not available
WARNING: [Board 49-26] cannot add Board Part xilinx.com:vcu110:part0:1.4 available at E:/Xilinx/Vivado/2021.2/data/xhub/boards/XilinxBoardStore/boards/Xilinx/vcu110/1.4/board.xml as part xcvu190-flgc2104-2-e specified in board_part file is either invalid or not available
WARNING: [Board 49-26] cannot add Board Part xilinx.com:vcu118:part0:2.0 available at E:/Xilinx/Vivado/2021.2/data/xhub/boards/XilinxBoardStore/boards/Xilinx/vcu118/2.0/board.xml as part xcvu9p-flga2104-2l-e specified in board_part file is either invalid or not available
WARNING: [Board 49-26] cannot add Board Part xilinx.com:vcu118:part0:2.3 available at E:/Xilinx/Vivado/2021.2/data/xhub/boards/XilinxBoardStore/boards/Xilinx/vcu118/2.3/board.xml as part xcvu9p-flga2104-2l-e specified in board_part file is either invalid or not available
WARNING: [Board 49-26] cannot add Board Part xilinx.com:vcu118:part0:2.4 available at E:/Xilinx/Vivado/2021.2/data/xhub/boards/XilinxBoardStore/boards/Xilinx/vcu118/2.4/board.xml as part xcvu9p-flga2104-2l-e specified in board_part file is either invalid or not available
WARNING: [Board 49-26] cannot add Board Part xilinx.com:vcu128:part0:1.0 available at E:/Xilinx/Vivado/2021.2/data/xhub/boards/XilinxBoardStore/boards/Xilinx/vcu128/production/1.0/board.xml as part xcvu37p-fsvh2892-2l-e specified in board_part file is either invalid or not available
WARNING: [Board 49-26] cannot add Board Part xilinx.com:vcu129:part0:1.0 available at E:/Xilinx/Vivado/2021.2/data/xhub/boards/XilinxBoardStore/boards/Xilinx/vcu129/production/1.0/board.xml as part xcvu29p-fsga2577-2l-e specified in board_part file is either invalid or not available
WARNING: [Board 49-26] cannot add Board Part xilinx.com:vcu1525:part0:1.3 available at E:/Xilinx/Vivado/2021.2/data/xhub/boards/XilinxBoardStore/boards/Xilinx/vcu1525/1.3/board.xml as part xcvu9p-fsgd2104-2l-e specified in board_part file is either invalid or not available
WARNING: [Board 49-26] cannot add Board Part xilinx.com:vermeo_t1_mpsoc:part0:1.0 available at E:/Xilinx/Vivado/2021.2/data/xhub/boards/XilinxBoardStore/boards/Xilinx/vermeo_t1_mpsoc/1.0/board.xml as part xczu19eg-ffvd1760-2l-e specified in board_part file is either invalid or not available
WARNING: [Board 49-26] cannot add Board Part xilinx.com:vermeo_t1_rfsoc:part0:1.0 available at E:/Xilinx/Vivado/2021.2/data/xhub/boards/XilinxBoardStore/boards/Xilinx/vermeo_t1_rfsoc/1.0/board.xml as part xczu21dr-ffvd1156-2l-e specified in board_part file is either invalid or not available
WARNING: [Board 49-26] cannot add Board Part xilinx.com:vmk180:part0:2.2 available at E:/Xilinx/Vivado/2021.2/data/xhub/boards/XilinxBoardStore/boards/Xilinx/vmk180/production/2.2/board.xml as part xcvm1802-vsva2197-2mp-e-s specified in board_part file is either invalid or not available
WARNING: [Board 49-26] cannot add Board Part xilinx.com:vmk180_es:part0:1.3 available at E:/Xilinx/Vivado/2021.2/data/xhub/boards/XilinxBoardStore/boards/Xilinx/vmk180/es/1.3/board.xml as part xcvm1802-vsva2197-2mp-e-s-es1 specified in board_part file is either invalid or not available
WARNING: [Board 49-26] cannot add Board Part xilinx.com:vpk120_es:part0:1.2 available at E:/Xilinx/Vivado/2021.2/data/xhub/boards/XilinxBoardStore/boards/Xilinx/vpk120/es/1.2/board.xml as part xcvp1202-vsva2785-2mp-e-s-es1 specified in board_part file is either invalid or not available
WARNING: [Board 49-26] cannot add Board Part xilinx.com:zc706:part0:1.4 available at E:/Xilinx/Vivado/2021.2/data/xhub/boards/XilinxBoardStore/boards/Xilinx/zc706/1.4/board.xml as part xc7z045ffg900-2 specified in board_part file is either invalid or not available
WARNING: [Board 49-26] cannot add Board Part xilinx.com:zcu102:part0:3.3 available at E:/Xilinx/Vivado/2021.2/data/xhub/boards/XilinxBoardStore/boards/Xilinx/zcu102/3.3/board.xml as part xczu9eg-ffvb1156-2-e specified in board_part file is either invalid or not available
WARNING: [Board 49-26] cannot add Board Part xilinx.com:zcu102:part0:3.4 available at E:/Xilinx/Vivado/2021.2/data/xhub/boards/XilinxBoardStore/boards/Xilinx/zcu102/3.4/board.xml as part xczu9eg-ffvb1156-2-e specified in board_part file is either invalid or not available
WARNING: [Board 49-26] cannot add Board Part xilinx.com:zcu111:part0:1.2 available at E:/Xilinx/Vivado/2021.2/data/xhub/boards/XilinxBoardStore/boards/Xilinx/zcu111/1.2/board.xml as part xczu28dr-ffvg1517-2-e specified in board_part file is either invalid or not available
WARNING: [Board 49-26] cannot add Board Part xilinx.com:zcu111:part0:1.3 available at E:/Xilinx/Vivado/2021.2/data/xhub/boards/XilinxBoardStore/boards/Xilinx/zcu111/1.3/board.xml as part xczu28dr-ffvg1517-2-e specified in board_part file is either invalid or not available
WARNING: [Board 49-26] cannot add Board Part xilinx.com:zcu111:part0:1.4 available at E:/Xilinx/Vivado/2021.2/data/xhub/boards/XilinxBoardStore/boards/Xilinx/zcu111/1.4/board.xml as part xczu28dr-ffvg1517-2-e specified in board_part file is either invalid or not available
WARNING: [Board 49-26] cannot add Board Part xilinx.com:zcu1275:part0:1.0 available at E:/Xilinx/Vivado/2021.2/data/xhub/boards/XilinxBoardStore/boards/Xilinx/zcu1275/1.0/board.xml as part xczu29dr-ffvf1760-2-e specified in board_part file is either invalid or not available
WARNING: [Board 49-26] cannot add Board Part xilinx.com:zcu1285:part0:1.0 available at E:/Xilinx/Vivado/2021.2/data/xhub/boards/XilinxBoardStore/boards/Xilinx/zcu1285/1.0/board.xml as part xczu39dr-ffvf1760-2-i specified in board_part file is either invalid or not available
WARNING: [Board 49-26] cannot add Board Part xilinx.com:zcu208:part0:2.0 available at E:/Xilinx/Vivado/2021.2/data/xhub/boards/XilinxBoardStore/boards/Xilinx/zcu208/production/2.0/board.xml as part xczu48dr-fsvg1517-2-e specified in board_part file is either invalid or not available
WARNING: [Board 49-26] cannot add Board Part xilinx.com:zcu208_es:part0:1.0 available at E:/Xilinx/Vivado/2021.2/data/xhub/boards/XilinxBoardStore/boards/Xilinx/zcu208/es/1.0/board.xml as part xczu48dr-fsvg1517-2-e-es1 specified in board_part file is either invalid or not available
WARNING: [Board 49-26] cannot add Board Part xilinx.com:zcu208_es:part0:1.1 available at E:/Xilinx/Vivado/2021.2/data/xhub/boards/XilinxBoardStore/boards/Xilinx/zcu208/es/1.1/board.xml as part xczu48dr-fsvg1517-2-e-es1 specified in board_part file is either invalid or not available
WARNING: [Board 49-26] cannot add Board Part xilinx.com:zcu208_es:part0:1.2 available at E:/Xilinx/Vivado/2021.2/data/xhub/boards/XilinxBoardStore/boards/Xilinx/zcu208/es/1.2/board.xml as part xczu48dr-fsvg1517-2-e-es1 specified in board_part file is either invalid or not available
WARNING: [Board 49-26] cannot add Board Part xilinx.com:zcu208ld:part0:2.0 available at E:/Xilinx/Vivado/2021.2/data/xhub/boards/XilinxBoardStore/boards/Xilinx/zcu208ld/production/2.0/board.xml as part xczu58dr-fsvg1517-2-i specified in board_part file is either invalid or not available
WARNING: [Board 49-26] cannot add Board Part xilinx.com:zcu208ld_es:part0:1.0 available at E:/Xilinx/Vivado/2021.2/data/xhub/boards/XilinxBoardStore/boards/Xilinx/zcu208ld/es/1.0/board.xml as part xczu58dr-fsvg1517-2-i-es1 specified in board_part file is either invalid or not available
WARNING: [Board 49-26] cannot add Board Part xilinx.com:zcu216:part0:2.0 available at E:/Xilinx/Vivado/2021.2/data/xhub/boards/XilinxBoardStore/boards/Xilinx/zcu216/production/2.0/board.xml as part xczu49dr-ffvf1760-2-e specified in board_part file is either invalid or not available
WARNING: [Board 49-26] cannot add Board Part xilinx.com:zcu216_es:part0:1.0 available at E:/Xilinx/Vivado/2021.2/data/xhub/boards/XilinxBoardStore/boards/Xilinx/zcu216/es/1.0/board.xml as part xczu49dr-ffvf1760-2-e-es1 specified in board_part file is either invalid or not available
WARNING: [Board 49-26] cannot add Board Part xilinx.com:zcu216_es:part0:1.1 available at E:/Xilinx/Vivado/2021.2/data/xhub/boards/XilinxBoardStore/boards/Xilinx/zcu216/es/1.1/board.xml as part xczu49dr-ffvf1760-2-e-es1 specified in board_part file is either invalid or not available
WARNING: [Board 49-26] cannot add Board Part xilinx.com:zcu216_es:part0:1.2 available at E:/Xilinx/Vivado/2021.2/data/xhub/boards/XilinxBoardStore/boards/Xilinx/zcu216/es/1.2/board.xml as part xczu49dr-ffvf1760-2-e-es1 specified in board_part file is either invalid or not available
WARNING: [Board 49-26] cannot add Board Part xilinx.com:zcu216ld:part0:2.0 available at E:/Xilinx/Vivado/2021.2/data/xhub/boards/XilinxBoardStore/boards/Xilinx/zcu216ld/production/2.0/board.xml as part xczu59dr-ffvf1760-2-i specified in board_part file is either invalid or not available
WARNING: [Board 49-26] cannot add Board Part xilinx.com:zcu216ld_es:part0:1.0 available at E:/Xilinx/Vivado/2021.2/data/xhub/boards/XilinxBoardStore/boards/Xilinx/zcu216ld/es/1.0/board.xml as part xczu59dr-ffvf1760-2-i-es1 specified in board_part file is either invalid or not available
WARNING: [Board 49-26] cannot add Board Part xilinx.com:zcu670:part0:1.0 available at E:/Xilinx/Vivado/2021.2/data/xhub/boards/XilinxBoardStore/boards/Xilinx/zcu670/1.0/board.xml as part xczu67dr-fsve1156-2-i specified in board_part file is either invalid or not available
INFO: [Project 1-313] Project file moved from 'E:/MTP2/neuralNetwork-master/Tut-8/NN-FPGA' since last save.
INFO: [filemgmt 56-1] IP Repository Path: Directory not found as 'E:/MTP2/src'; using path 'E:/MTP2/neuralNetwork-master/Tut-8/src' instead.
WARNING: [Project 1-312] File not found as 'E:/MTP2/src/fpga/rtl/Layer_1.v'; using path 'E:/MTP2/neuralNetwork-master/Tut-8/src/fpga/rtl/Layer_1.v' instead.
WARNING: [Project 1-312] File not found as 'E:/MTP2/src/fpga/rtl/Layer_2.v'; using path 'E:/MTP2/neuralNetwork-master/Tut-8/src/fpga/rtl/Layer_2.v' instead.
WARNING: [Project 1-312] File not found as 'E:/MTP2/src/fpga/rtl/Layer_3.v'; using path 'E:/MTP2/neuralNetwork-master/Tut-8/src/fpga/rtl/Layer_3.v' instead.
WARNING: [Project 1-312] File not found as 'E:/MTP2/src/fpga/rtl/Layer_4.v'; using path 'E:/MTP2/neuralNetwork-master/Tut-8/src/fpga/rtl/Layer_4.v' instead.
WARNING: [Project 1-312] File not found as 'E:/MTP2/src/fpga/rtl/Sig_ROM.v'; using path 'E:/MTP2/neuralNetwork-master/Tut-8/src/fpga/rtl/Sig_ROM.v' instead.
WARNING: [Project 1-312] File not found as 'E:/MTP2/src/fpga/rtl/include.v'; using path 'E:/MTP2/neuralNetwork-master/Tut-8/src/fpga/rtl/include.v' instead.
WARNING: [Project 1-312] File not found as 'E:/MTP2/src/fpga/rtl/Weight_Memory.v'; using path 'E:/MTP2/neuralNetwork-master/Tut-8/src/fpga/rtl/Weight_Memory.v' instead.
WARNING: [Project 1-312] File not found as 'E:/MTP2/src/fpga/rtl/axi_lite_wrapper.v'; using path 'E:/MTP2/neuralNetwork-master/Tut-8/src/fpga/rtl/axi_lite_wrapper.v' instead.
WARNING: [Project 1-312] File not found as 'E:/MTP2/src/fpga/rtl/maxFinder.v'; using path 'E:/MTP2/neuralNetwork-master/Tut-8/src/fpga/rtl/maxFinder.v' instead.
WARNING: [Project 1-312] File not found as 'E:/MTP2/src/fpga/rtl/neuron.v'; using path 'E:/MTP2/neuralNetwork-master/Tut-8/src/fpga/rtl/neuron.v' instead.
WARNING: [Project 1-312] File not found as 'E:/MTP2/src/fpga/rtl/relu.v'; using path 'E:/MTP2/neuralNetwork-master/Tut-8/src/fpga/rtl/relu.v' instead.
WARNING: [Project 1-312] File not found as 'E:/MTP2/src/fpga/rtl/zynet.v'; using path 'E:/MTP2/neuralNetwork-master/Tut-8/src/fpga/rtl/zynet.v' instead.
WARNING: [Project 1-312] File not found as 'E:/MTP2/src/fpga/rtl/b_1_0.mif'; using path 'E:/MTP2/neuralNetwork-master/Tut-8/src/fpga/rtl/b_1_0.mif' instead.
WARNING: [Project 1-312] File not found as 'E:/MTP2/src/fpga/rtl/b_1_1.mif'; using path 'E:/MTP2/neuralNetwork-master/Tut-8/src/fpga/rtl/b_1_1.mif' instead.
WARNING: [Project 1-312] File not found as 'E:/MTP2/src/fpga/rtl/b_1_10.mif'; using path 'E:/MTP2/neuralNetwork-master/Tut-8/src/fpga/rtl/b_1_10.mif' instead.
WARNING: [Project 1-312] File not found as 'E:/MTP2/src/fpga/rtl/b_1_11.mif'; using path 'E:/MTP2/neuralNetwork-master/Tut-8/src/fpga/rtl/b_1_11.mif' instead.
WARNING: [Project 1-312] File not found as 'E:/MTP2/src/fpga/rtl/b_1_12.mif'; using path 'E:/MTP2/neuralNetwork-master/Tut-8/src/fpga/rtl/b_1_12.mif' instead.
WARNING: [Project 1-312] File not found as 'E:/MTP2/src/fpga/rtl/b_1_13.mif'; using path 'E:/MTP2/neuralNetwork-master/Tut-8/src/fpga/rtl/b_1_13.mif' instead.
WARNING: [Project 1-312] File not found as 'E:/MTP2/src/fpga/rtl/b_1_14.mif'; using path 'E:/MTP2/neuralNetwork-master/Tut-8/src/fpga/rtl/b_1_14.mif' instead.
WARNING: [Project 1-312] File not found as 'E:/MTP2/src/fpga/rtl/b_1_15.mif'; using path 'E:/MTP2/neuralNetwork-master/Tut-8/src/fpga/rtl/b_1_15.mif' instead.
WARNING: [Project 1-312] File not found as 'E:/MTP2/src/fpga/rtl/b_1_16.mif'; using path 'E:/MTP2/neuralNetwork-master/Tut-8/src/fpga/rtl/b_1_16.mif' instead.
WARNING: [Project 1-312] File not found as 'E:/MTP2/src/fpga/rtl/b_1_17.mif'; using path 'E:/MTP2/neuralNetwork-master/Tut-8/src/fpga/rtl/b_1_17.mif' instead.
WARNING: [Project 1-312] File not found as 'E:/MTP2/src/fpga/rtl/b_1_18.mif'; using path 'E:/MTP2/neuralNetwork-master/Tut-8/src/fpga/rtl/b_1_18.mif' instead.
WARNING: [Project 1-312] File not found as 'E:/MTP2/src/fpga/rtl/b_1_19.mif'; using path 'E:/MTP2/neuralNetwork-master/Tut-8/src/fpga/rtl/b_1_19.mif' instead.
WARNING: [Project 1-312] File not found as 'E:/MTP2/src/fpga/rtl/b_1_2.mif'; using path 'E:/MTP2/neuralNetwork-master/Tut-8/src/fpga/rtl/b_1_2.mif' instead.
WARNING: [Project 1-312] File not found as 'E:/MTP2/src/fpga/rtl/b_1_20.mif'; using path 'E:/MTP2/neuralNetwork-master/Tut-8/src/fpga/rtl/b_1_20.mif' instead.
WARNING: [Project 1-312] File not found as 'E:/MTP2/src/fpga/rtl/b_1_21.mif'; using path 'E:/MTP2/neuralNetwork-master/Tut-8/src/fpga/rtl/b_1_21.mif' instead.
WARNING: [Project 1-312] File not found as 'E:/MTP2/src/fpga/rtl/b_1_22.mif'; using path 'E:/MTP2/neuralNetwork-master/Tut-8/src/fpga/rtl/b_1_22.mif' instead.
WARNING: [Project 1-312] File not found as 'E:/MTP2/src/fpga/rtl/b_1_23.mif'; using path 'E:/MTP2/neuralNetwork-master/Tut-8/src/fpga/rtl/b_1_23.mif' instead.
WARNING: [Project 1-312] File not found as 'E:/MTP2/src/fpga/rtl/b_1_24.mif'; using path 'E:/MTP2/neuralNetwork-master/Tut-8/src/fpga/rtl/b_1_24.mif' instead.
WARNING: [Project 1-312] File not found as 'E:/MTP2/src/fpga/rtl/b_1_25.mif'; using path 'E:/MTP2/neuralNetwork-master/Tut-8/src/fpga/rtl/b_1_25.mif' instead.
WARNING: [Project 1-312] File not found as 'E:/MTP2/src/fpga/rtl/b_1_26.mif'; using path 'E:/MTP2/neuralNetwork-master/Tut-8/src/fpga/rtl/b_1_26.mif' instead.
WARNING: [Project 1-312] File not found as 'E:/MTP2/src/fpga/rtl/b_1_27.mif'; using path 'E:/MTP2/neuralNetwork-master/Tut-8/src/fpga/rtl/b_1_27.mif' instead.
WARNING: [Project 1-312] File not found as 'E:/MTP2/src/fpga/rtl/b_1_28.mif'; using path 'E:/MTP2/neuralNetwork-master/Tut-8/src/fpga/rtl/b_1_28.mif' instead.
WARNING: [Project 1-312] File not found as 'E:/MTP2/src/fpga/rtl/b_1_29.mif'; using path 'E:/MTP2/neuralNetwork-master/Tut-8/src/fpga/rtl/b_1_29.mif' instead.
WARNING: [Project 1-312] File not found as 'E:/MTP2/src/fpga/rtl/b_1_3.mif'; using path 'E:/MTP2/neuralNetwork-master/Tut-8/src/fpga/rtl/b_1_3.mif' instead.
WARNING: [Project 1-312] File not found as 'E:/MTP2/src/fpga/rtl/b_1_4.mif'; using path 'E:/MTP2/neuralNetwork-master/Tut-8/src/fpga/rtl/b_1_4.mif' instead.
WARNING: [Project 1-312] File not found as 'E:/MTP2/src/fpga/rtl/b_1_5.mif'; using path 'E:/MTP2/neuralNetwork-master/Tut-8/src/fpga/rtl/b_1_5.mif' instead.
WARNING: [Project 1-312] File not found as 'E:/MTP2/src/fpga/rtl/b_1_6.mif'; using path 'E:/MTP2/neuralNetwork-master/Tut-8/src/fpga/rtl/b_1_6.mif' instead.
WARNING: [Project 1-312] File not found as 'E:/MTP2/src/fpga/rtl/b_1_7.mif'; using path 'E:/MTP2/neuralNetwork-master/Tut-8/src/fpga/rtl/b_1_7.mif' instead.
WARNING: [Project 1-312] File not found as 'E:/MTP2/src/fpga/rtl/b_1_8.mif'; using path 'E:/MTP2/neuralNetwork-master/Tut-8/src/fpga/rtl/b_1_8.mif' instead.
WARNING: [Project 1-312] File not found as 'E:/MTP2/src/fpga/rtl/b_1_9.mif'; using path 'E:/MTP2/neuralNetwork-master/Tut-8/src/fpga/rtl/b_1_9.mif' instead.
WARNING: [Project 1-312] File not found as 'E:/MTP2/src/fpga/rtl/b_2_0.mif'; using path 'E:/MTP2/neuralNetwork-master/Tut-8/src/fpga/rtl/b_2_0.mif' instead.
WARNING: [Project 1-312] File not found as 'E:/MTP2/src/fpga/rtl/b_2_1.mif'; using path 'E:/MTP2/neuralNetwork-master/Tut-8/src/fpga/rtl/b_2_1.mif' instead.
WARNING: [Project 1-312] File not found as 'E:/MTP2/src/fpga/rtl/b_2_10.mif'; using path 'E:/MTP2/neuralNetwork-master/Tut-8/src/fpga/rtl/b_2_10.mif' instead.
WARNING: [Project 1-312] File not found as 'E:/MTP2/src/fpga/rtl/b_2_11.mif'; using path 'E:/MTP2/neuralNetwork-master/Tut-8/src/fpga/rtl/b_2_11.mif' instead.
WARNING: [Project 1-312] File not found as 'E:/MTP2/src/fpga/rtl/b_2_12.mif'; using path 'E:/MTP2/neuralNetwork-master/Tut-8/src/fpga/rtl/b_2_12.mif' instead.
WARNING: [Project 1-312] File not found as 'E:/MTP2/src/fpga/rtl/b_2_13.mif'; using path 'E:/MTP2/neuralNetwork-master/Tut-8/src/fpga/rtl/b_2_13.mif' instead.
WARNING: [Project 1-312] File not found as 'E:/MTP2/src/fpga/rtl/b_2_14.mif'; using path 'E:/MTP2/neuralNetwork-master/Tut-8/src/fpga/rtl/b_2_14.mif' instead.
WARNING: [Project 1-312] File not found as 'E:/MTP2/src/fpga/rtl/b_2_15.mif'; using path 'E:/MTP2/neuralNetwork-master/Tut-8/src/fpga/rtl/b_2_15.mif' instead.
WARNING: [Project 1-312] File not found as 'E:/MTP2/src/fpga/rtl/b_2_16.mif'; using path 'E:/MTP2/neuralNetwork-master/Tut-8/src/fpga/rtl/b_2_16.mif' instead.
WARNING: [Project 1-312] File not found as 'E:/MTP2/src/fpga/rtl/b_2_17.mif'; using path 'E:/MTP2/neuralNetwork-master/Tut-8/src/fpga/rtl/b_2_17.mif' instead.
WARNING: [Project 1-312] File not found as 'E:/MTP2/src/fpga/rtl/b_2_18.mif'; using path 'E:/MTP2/neuralNetwork-master/Tut-8/src/fpga/rtl/b_2_18.mif' instead.
WARNING: [Project 1-312] File not found as 'E:/MTP2/src/fpga/rtl/b_2_19.mif'; using path 'E:/MTP2/neuralNetwork-master/Tut-8/src/fpga/rtl/b_2_19.mif' instead.
WARNING: [Project 1-312] File not found as 'E:/MTP2/src/fpga/rtl/b_2_2.mif'; using path 'E:/MTP2/neuralNetwork-master/Tut-8/src/fpga/rtl/b_2_2.mif' instead.
WARNING: [Project 1-312] File not found as 'E:/MTP2/src/fpga/rtl/b_2_20.mif'; using path 'E:/MTP2/neuralNetwork-master/Tut-8/src/fpga/rtl/b_2_20.mif' instead.
WARNING: [Project 1-312] File not found as 'E:/MTP2/src/fpga/rtl/b_2_21.mif'; using path 'E:/MTP2/neuralNetwork-master/Tut-8/src/fpga/rtl/b_2_21.mif' instead.
WARNING: [Project 1-312] File not found as 'E:/MTP2/src/fpga/rtl/b_2_22.mif'; using path 'E:/MTP2/neuralNetwork-master/Tut-8/src/fpga/rtl/b_2_22.mif' instead.
WARNING: [Project 1-312] File not found as 'E:/MTP2/src/fpga/rtl/b_2_23.mif'; using path 'E:/MTP2/neuralNetwork-master/Tut-8/src/fpga/rtl/b_2_23.mif' instead.
WARNING: [Project 1-312] File not found as 'E:/MTP2/src/fpga/rtl/b_2_24.mif'; using path 'E:/MTP2/neuralNetwork-master/Tut-8/src/fpga/rtl/b_2_24.mif' instead.
WARNING: [Project 1-312] File not found as 'E:/MTP2/src/fpga/rtl/b_2_25.mif'; using path 'E:/MTP2/neuralNetwork-master/Tut-8/src/fpga/rtl/b_2_25.mif' instead.
WARNING: [Project 1-312] File not found as 'E:/MTP2/src/fpga/rtl/b_2_26.mif'; using path 'E:/MTP2/neuralNetwork-master/Tut-8/src/fpga/rtl/b_2_26.mif' instead.
WARNING: [Project 1-312] File not found as 'E:/MTP2/src/fpga/rtl/b_2_27.mif'; using path 'E:/MTP2/neuralNetwork-master/Tut-8/src/fpga/rtl/b_2_27.mif' instead.
WARNING: [Project 1-312] File not found as 'E:/MTP2/src/fpga/rtl/b_2_28.mif'; using path 'E:/MTP2/neuralNetwork-master/Tut-8/src/fpga/rtl/b_2_28.mif' instead.
WARNING: [Project 1-312] File not found as 'E:/MTP2/src/fpga/rtl/b_2_29.mif'; using path 'E:/MTP2/neuralNetwork-master/Tut-8/src/fpga/rtl/b_2_29.mif' instead.
WARNING: [Project 1-312] File not found as 'E:/MTP2/src/fpga/rtl/b_2_3.mif'; using path 'E:/MTP2/neuralNetwork-master/Tut-8/src/fpga/rtl/b_2_3.mif' instead.
WARNING: [Project 1-312] File not found as 'E:/MTP2/src/fpga/rtl/b_2_4.mif'; using path 'E:/MTP2/neuralNetwork-master/Tut-8/src/fpga/rtl/b_2_4.mif' instead.
WARNING: [Project 1-312] File not found as 'E:/MTP2/src/fpga/rtl/b_2_5.mif'; using path 'E:/MTP2/neuralNetwork-master/Tut-8/src/fpga/rtl/b_2_5.mif' instead.
WARNING: [Project 1-312] File not found as 'E:/MTP2/src/fpga/rtl/b_2_6.mif'; using path 'E:/MTP2/neuralNetwork-master/Tut-8/src/fpga/rtl/b_2_6.mif' instead.
WARNING: [Project 1-312] File not found as 'E:/MTP2/src/fpga/rtl/b_2_7.mif'; using path 'E:/MTP2/neuralNetwork-master/Tut-8/src/fpga/rtl/b_2_7.mif' instead.
WARNING: [Project 1-312] File not found as 'E:/MTP2/src/fpga/rtl/b_2_8.mif'; using path 'E:/MTP2/neuralNetwork-master/Tut-8/src/fpga/rtl/b_2_8.mif' instead.
WARNING: [Project 1-312] File not found as 'E:/MTP2/src/fpga/rtl/b_2_9.mif'; using path 'E:/MTP2/neuralNetwork-master/Tut-8/src/fpga/rtl/b_2_9.mif' instead.
WARNING: [Project 1-312] File not found as 'E:/MTP2/src/fpga/rtl/b_3_0.mif'; using path 'E:/MTP2/neuralNetwork-master/Tut-8/src/fpga/rtl/b_3_0.mif' instead.
WARNING: [Project 1-312] File not found as 'E:/MTP2/src/fpga/rtl/b_3_1.mif'; using path 'E:/MTP2/neuralNetwork-master/Tut-8/src/fpga/rtl/b_3_1.mif' instead.
WARNING: [Project 1-312] File not found as 'E:/MTP2/src/fpga/rtl/b_3_2.mif'; using path 'E:/MTP2/neuralNetwork-master/Tut-8/src/fpga/rtl/b_3_2.mif' instead.
WARNING: [Project 1-312] File not found as 'E:/MTP2/src/fpga/rtl/b_3_3.mif'; using path 'E:/MTP2/neuralNetwork-master/Tut-8/src/fpga/rtl/b_3_3.mif' instead.
WARNING: [Project 1-312] File not found as 'E:/MTP2/src/fpga/rtl/b_3_4.mif'; using path 'E:/MTP2/neuralNetwork-master/Tut-8/src/fpga/rtl/b_3_4.mif' instead.
WARNING: [Project 1-312] File not found as 'E:/MTP2/src/fpga/rtl/b_3_5.mif'; using path 'E:/MTP2/neuralNetwork-master/Tut-8/src/fpga/rtl/b_3_5.mif' instead.
WARNING: [Project 1-312] File not found as 'E:/MTP2/src/fpga/rtl/b_3_6.mif'; using path 'E:/MTP2/neuralNetwork-master/Tut-8/src/fpga/rtl/b_3_6.mif' instead.
WARNING: [Project 1-312] File not found as 'E:/MTP2/src/fpga/rtl/b_3_7.mif'; using path 'E:/MTP2/neuralNetwork-master/Tut-8/src/fpga/rtl/b_3_7.mif' instead.
WARNING: [Project 1-312] File not found as 'E:/MTP2/src/fpga/rtl/b_3_8.mif'; using path 'E:/MTP2/neuralNetwork-master/Tut-8/src/fpga/rtl/b_3_8.mif' instead.
WARNING: [Project 1-312] File not found as 'E:/MTP2/src/fpga/rtl/b_3_9.mif'; using path 'E:/MTP2/neuralNetwork-master/Tut-8/src/fpga/rtl/b_3_9.mif' instead.
WARNING: [Project 1-312] File not found as 'E:/MTP2/src/fpga/rtl/b_4_0.mif'; using path 'E:/MTP2/neuralNetwork-master/Tut-8/src/fpga/rtl/b_4_0.mif' instead.
WARNING: [Project 1-312] File not found as 'E:/MTP2/src/fpga/rtl/b_4_1.mif'; using path 'E:/MTP2/neuralNetwork-master/Tut-8/src/fpga/rtl/b_4_1.mif' instead.
WARNING: [Project 1-312] File not found as 'E:/MTP2/src/fpga/rtl/b_4_2.mif'; using path 'E:/MTP2/neuralNetwork-master/Tut-8/src/fpga/rtl/b_4_2.mif' instead.
WARNING: [Project 1-312] File not found as 'E:/MTP2/src/fpga/rtl/b_4_3.mif'; using path 'E:/MTP2/neuralNetwork-master/Tut-8/src/fpga/rtl/b_4_3.mif' instead.
WARNING: [Project 1-312] File not found as 'E:/MTP2/src/fpga/rtl/b_4_4.mif'; using path 'E:/MTP2/neuralNetwork-master/Tut-8/src/fpga/rtl/b_4_4.mif' instead.
WARNING: [Project 1-312] File not found as 'E:/MTP2/src/fpga/rtl/b_4_5.mif'; using path 'E:/MTP2/neuralNetwork-master/Tut-8/src/fpga/rtl/b_4_5.mif' instead.
WARNING: [Project 1-312] File not found as 'E:/MTP2/src/fpga/rtl/b_4_6.mif'; using path 'E:/MTP2/neuralNetwork-master/Tut-8/src/fpga/rtl/b_4_6.mif' instead.
WARNING: [Project 1-312] File not found as 'E:/MTP2/src/fpga/rtl/b_4_7.mif'; using path 'E:/MTP2/neuralNetwork-master/Tut-8/src/fpga/rtl/b_4_7.mif' instead.
WARNING: [Project 1-312] File not found as 'E:/MTP2/src/fpga/rtl/b_4_8.mif'; using path 'E:/MTP2/neuralNetwork-master/Tut-8/src/fpga/rtl/b_4_8.mif' instead.
WARNING: [Project 1-312] File not found as 'E:/MTP2/src/fpga/rtl/b_4_9.mif'; using path 'E:/MTP2/neuralNetwork-master/Tut-8/src/fpga/rtl/b_4_9.mif' instead.
WARNING: [Project 1-312] File not found as 'E:/MTP2/src/fpga/rtl/sigContent.mif'; using path 'E:/MTP2/neuralNetwork-master/Tut-8/src/fpga/rtl/sigContent.mif' instead.
WARNING: [Project 1-312] File not found as 'E:/MTP2/src/fpga/rtl/w_1_0.mif'; using path 'E:/MTP2/neuralNetwork-master/Tut-8/src/fpga/rtl/w_1_0.mif' instead.
WARNING: [Project 1-312] File not found as 'E:/MTP2/src/fpga/rtl/w_1_1.mif'; using path 'E:/MTP2/neuralNetwork-master/Tut-8/src/fpga/rtl/w_1_1.mif' instead.
WARNING: [Project 1-312] File not found as 'E:/MTP2/src/fpga/rtl/w_1_10.mif'; using path 'E:/MTP2/neuralNetwork-master/Tut-8/src/fpga/rtl/w_1_10.mif' instead.
WARNING: [Project 1-312] File not found as 'E:/MTP2/src/fpga/rtl/w_1_11.mif'; using path 'E:/MTP2/neuralNetwork-master/Tut-8/src/fpga/rtl/w_1_11.mif' instead.
WARNING: [Project 1-312] File not found as 'E:/MTP2/src/fpga/rtl/w_1_12.mif'; using path 'E:/MTP2/neuralNetwork-master/Tut-8/src/fpga/rtl/w_1_12.mif' instead.
WARNING: [Project 1-312] File not found as 'E:/MTP2/src/fpga/rtl/w_1_13.mif'; using path 'E:/MTP2/neuralNetwork-master/Tut-8/src/fpga/rtl/w_1_13.mif' instead.
WARNING: [Project 1-312] File not found as 'E:/MTP2/src/fpga/rtl/w_1_14.mif'; using path 'E:/MTP2/neuralNetwork-master/Tut-8/src/fpga/rtl/w_1_14.mif' instead.
INFO: [Common 17-14] Message 'Project 1-312' appears 100 times and further instances of the messages will be disabled. Use the Tcl command set_msg_config to change the current settings.
Scanning sources...
Finished scanning sources
INFO: [IP_Flow 19-234] Refreshing IP repositories
INFO: [IP_Flow 19-1700] Loaded user IP repository 'e:/MTP2/neuralNetwork-master/Tut-8/src'.
INFO: [IP_Flow 19-2313] Loaded Vivado IP repository 'E:/Xilinx/Vivado/2021.2/data/ip'.
open_project: Time (s): cpu = 00:00:15 ; elapsed = 00:00:07 . Memory (MB): peak = 1621.062 ; gain = 0.000
update_compile_order -fileset sources_1
open_bd_design {E:/MTP2/NN-FPGA/NN-FPGA.srcs/sources_1/bd/myBlock/myBlock.bd}
Reading block design file <E:/MTP2/NN-FPGA/NN-FPGA.srcs/sources_1/bd/myBlock/myBlock.bd>...
Adding component instance block -- xilinx.com:ip:axi_dma:7.1 - axi_dma_0
Adding component instance block -- xilinx.com:ip:smartconnect:1.0 - axi_smc
Adding component instance block -- xilinx.com:ip:processing_system7:5.5 - processing_system7_0
Adding component instance block -- xilinx.com:ip:axi_interconnect:2.1 - ps7_0_axi_periph
Adding component instance block -- xilinx.com:ip:axi_crossbar:2.1 - xbar
Adding component instance block -- xilinx.com:ip:axi_protocol_converter:2.1 - auto_pc
Adding component instance block -- xilinx.com:ip:proc_sys_reset:5.0 - rst_ps7_0_100M
Adding component instance block -- xilinx.com:ip:xlconcat:2.1 - xlconcat_0
Adding component instance block -- VIP:user:zyNet:1.0 - zyNet_0
Successfully read diagram <myBlock> from block design file <E:/MTP2/NN-FPGA/NN-FPGA.srcs/sources_1/bd/myBlock/myBlock.bd>
open_bd_design {E:/MTP2/NN-FPGA/NN-FPGA.srcs/sources_1/bd/myBlock/myBlock.bd}
validate_bd_design -force
INFO: [xilinx.com:ip:smartconnect:1.0-1] myBlock_axi_smc_0: SmartConnect myBlock_axi_smc_0 is in High-performance Mode.
INFO: [Coretcl 2-12] '/processing_system7_0/S_AXI_HP0' selected.
INFO: [Coretcl 2-12] '/axi_dma_0/S_AXI_LITE' selected.
INFO: [Coretcl 2-12] '/zyNet_0/s_axi' selected.
INFO: [Coretcl 2-12] '/processing_system7_0/M_AXI_GP0' selected.
INFO: [Coretcl 2-12] '/processing_system7_0' selected.
INFO: [Coretcl 2-12] '/axi_dma_0/M_AXI_MM2S' selected.
INFO: [Coretcl 2-12] '/axi_dma_0' selected.
INFO: [Coretcl 2-12] '/processing_system7_0/S_AXI_HP0' selected.
open_bd_design {E:/MTP2/NN-FPGA/NN-FPGA.srcs/sources_1/bd/myBlock/myBlock.bd}
open_bd_design {E:/MTP2/NN-FPGA/NN-FPGA.srcs/sources_1/bd/myBlock/myBlock.bd}
save_bd_design
Wrote  : <E:\MTP2\NN-FPGA\NN-FPGA.srcs\sources_1\bd\myBlock\myBlock.bd> 
Wrote  : <E:/MTP2/NN-FPGA/NN-FPGA.srcs/sources_1/bd/myBlock/ui/bd_2d9cdf81.ui> 
exit
INFO: [Common 17-206] Exiting Vivado at Sun Apr 24 18:30:27 2022...
