Time resolution is 1 ps
Configuration completed                      0 ns
1. Accuracy: 100.000000, Detected number: 7, Expected: 0007
2. Accuracy: 100.000000, Detected number: 2, Expected: 0002
3. Accuracy: 100.000000, Detected number: 1, Expected: 0001
4. Accuracy: 100.000000, Detected number: 0, Expected: 0000
5. Accuracy: 100.000000, Detected number: 4, Expected: 0004
6. Accuracy: 100.000000, Detected number: 1, Expected: 0001
7. Accuracy: 100.000000, Detected number: 4, Expected: 0004
8. Accuracy: 100.000000, Detected number: 9, Expected: 0009
9. Accuracy: 88.888889, Detected number: 6, Expected: 0005
10. Accuracy: 90.000000, Detected number: 9, Expected: 0009
11. Accuracy: 90.909091, Detected number: 0, Expected: 0000
12. Accuracy: 91.666667, Detected number: 6, Expected: 0006
13. Accuracy: 92.307692, Detected number: 9, Expected: 0009
14. Accuracy: 92.857143, Detected number: 0, Expected: 0000
15. Accuracy: 93.333333, Detected number: 1, Expected: 0001
16. Accuracy: 93.750000, Detected number: 5, Expected: 0005
17. Accuracy: 94.117647, Detected number: 9, Expected: 0009
18. Accuracy: 94.444444, Detected number: 7, Expected: 0007
19. Accuracy: 89.473684, Detected number: 8, Expected: 0003
20. Accuracy: 90.000000, Detected number: 4, Expected: 0004
21. Accuracy: 90.476190, Detected number: 9, Expected: 0009
22. Accuracy: 90.909091, Detected number: 6, Expected: 0006
23. Accuracy: 91.304348, Detected number: 6, Expected: 0006
24. Accuracy: 91.666667, Detected number: 5, Expected: 0005
25. Accuracy: 92.000000, Detected number: 4, Expected: 0004
26. Accuracy: 92.307692, Detected number: 0, Expected: 0000
27. Accuracy: 92.592593, Detected number: 7, Expected: 0007
28. Accuracy: 92.857143, Detected number: 4, Expected: 0004
29. Accuracy: 93.103448, Detected number: 0, Expected: 0000
30. Accuracy: 93.333333, Detected number: 1, Expected: 0001
31. Accuracy: 93.548387, Detected number: 3, Expected: 0003
32. Accuracy: 93.750000, Detected number: 1, Expected: 0001
33. Accuracy: 93.939394, Detected number: 3, Expected: 0003
34. Accuracy: 91.176471, Detected number: 6, Expected: 0004
35. Accuracy: 91.428571, Detected number: 7, Expected: 0007
36. Accuracy: 91.666667, Detected number: 2, Expected: 0002
37. Accuracy: 91.891892, Detected number: 7, Expected: 0007
38. Accuracy: 92.105263, Detected number: 1, Expected: 0001
39. Accuracy: 89.743590, Detected number: 3, Expected: 0002
40. Accuracy: 90.000000, Detected number: 1, Expected: 0001
41. Accuracy: 90.243902, Detected number: 1, Expected: 0001
42. Accuracy: 90.476190, Detected number: 7, Expected: 0007
43. Accuracy: 90.697674, Detected number: 4, Expected: 0004
44. Accuracy: 90.909091, Detected number: 2, Expected: 0002
45. Accuracy: 91.111111, Detected number: 3, Expected: 0003
46. Accuracy: 91.304348, Detected number: 5, Expected: 0005
47. Accuracy: 91.489362, Detected number: 1, Expected: 0001
48. Accuracy: 91.666667, Detected number: 2, Expected: 0002
49. Accuracy: 91.836735, Detected number: 4, Expected: 0004
50. Accuracy: 92.000000, Detected number: 4, Expected: 0004
51. Accuracy: 92.156863, Detected number: 6, Expected: 0006
52. Accuracy: 90.384615, Detected number: 7, Expected: 0003
53. Accuracy: 90.566038, Detected number: 5, Expected: 0005
54. Accuracy: 90.740741, Detected number: 5, Expected: 0005
55. Accuracy: 90.909091, Detected number: 6, Expected: 0006
56. Accuracy: 91.071429, Detected number: 0, Expected: 0000
57. Accuracy: 91.228070, Detected number: 4, Expected: 0004
58. Accuracy: 91.379310, Detected number: 1, Expected: 0001
59. Accuracy: 91.525424, Detected number: 9, Expected: 0009
60. Accuracy: 91.666667, Detected number: 5, Expected: 0005
61. Accuracy: 91.803279, Detected number: 7, Expected: 0007
62. Accuracy: 91.935484, Detected number: 8, Expected: 0008
63. Accuracy: 92.063492, Detected number: 9, Expected: 0009
64. Accuracy: 92.187500, Detected number: 3, Expected: 0003
65. Accuracy: 92.307692, Detected number: 7, Expected: 0007
66. Accuracy: 92.424242, Detected number: 4, Expected: 0004
67. Accuracy: 92.537313, Detected number: 6, Expected: 0006
68. Accuracy: 92.647059, Detected number: 4, Expected: 0004
69. Accuracy: 92.753623, Detected number: 3, Expected: 0003
70. Accuracy: 92.857143, Detected number: 0, Expected: 0000
71. Accuracy: 92.957746, Detected number: 7, Expected: 0007
72. Accuracy: 93.055556, Detected number: 0, Expected: 0000
73. Accuracy: 93.150685, Detected number: 2, Expected: 0002
74. Accuracy: 93.243243, Detected number: 9, Expected: 0009
75. Accuracy: 93.333333, Detected number: 1, Expected: 0001
76. Accuracy: 93.421053, Detected number: 7, Expected: 0007
77. Accuracy: 93.506494, Detected number: 3, Expected: 0003
78. Accuracy: 93.589744, Detected number: 2, Expected: 0002
79. Accuracy: 93.670886, Detected number: 9, Expected: 0009
80. Accuracy: 93.750000, Detected number: 7, Expected: 0007
81. Accuracy: 93.827160, Detected number: 7, Expected: 0007
82. Accuracy: 93.902439, Detected number: 6, Expected: 0006
83. Accuracy: 93.975904, Detected number: 2, Expected: 0002
84. Accuracy: 94.047619, Detected number: 7, Expected: 0007
85. Accuracy: 94.117647, Detected number: 8, Expected: 0008
86. Accuracy: 94.186047, Detected number: 4, Expected: 0004
87. Accuracy: 94.252874, Detected number: 7, Expected: 0007
88. Accuracy: 94.318182, Detected number: 3, Expected: 0003
89. Accuracy: 94.382022, Detected number: 6, Expected: 0006
90. Accuracy: 94.444444, Detected number: 1, Expected: 0001
91. Accuracy: 94.505495, Detected number: 3, Expected: 0003
92. Accuracy: 94.565217, Detected number: 6, Expected: 0006
93. Accuracy: 94.623656, Detected number: 9, Expected: 0009
94. Accuracy: 94.680851, Detected number: 3, Expected: 0003
95. Accuracy: 94.736842, Detected number: 1, Expected: 0001
96. Accuracy: 94.791667, Detected number: 4, Expected: 0004
97. Accuracy: 94.845361, Detected number: 1, Expected: 0001
98. Accuracy: 94.897959, Detected number: 7, Expected: 0007
99. Accuracy: 94.949495, Detected number: 6, Expected: 0006
100. Accuracy: 95.000000, Detected number: 9, Expected: 0009
Accuracy: 95.000000
$stop called at time : 900235 ns : File "E:/MTP2/neuralNetwork-master/Tut-8/src/fpga/tb/top_sim.v" Line 358
INFO: xsimkernel Simulation Memory Usage: 18700 KB (Peak: 18700 KB), Simulation CPU Usage: 10577 ms
